# JRE version: Java(TM) SE Runtime Environment (21.0.6+8) (build 21.0.6+8-LTS-188)
# Java VM: Java HotSpot(TM) 64-Bit Server VM (21.0.6+8-LTS-188, mixed mode, sharing, tiered, compressed oops, compressed class ptrs, g1 gc, windows-amd64)
GC Precious Log:
 CardTable entry size: 512
 Card Set container configuration: InlinePtr #cards 4 size 8 Array Of Cards #cards 16 size 48 Howl #buckets 8 coarsen threshold 3686 Howl Bitmap #cards 512 size 80 coarsen threshold 460 Card regions per heap region 1 cards per card region 4096
 CPUs: 8 total, 8 available
 Memory: 10177M
 Large Page Support: Disabled
 NUMA Support: Disabled
 Compressed Oops: Enabled (Zero based)
 Heap Region Size: 2M
 Heap Min Capacity: 8M
 Heap Initial Capacity: 160M
 Heap Max Capacity: 2546M
 Pre-touch: Disabled
 Parallel Workers: 8
 Concurrent Workers: 2
 Concurrent Refinement Workers: 8
 Periodic GC: Disabled
Heap:
 garbage-first heap   total 67584K, used 42600K [0x0000000760e00000, 0x0000000800000000)
  region size 2048K, 15 young (30720K), 2 survivors (4096K)
 Metaspace       used 32236K, committed 33024K, reserved 1114112K
  class space    used 3085K, committed 3456K, reserved 1048576K
GC Heap History (10 events):
Event: 2.034 GC heap before
{Heap before GC invocations=0 (full 0):
 garbage-first heap   total 163840K, used 22528K [0x0000000760e00000, 0x0000000800000000)
  region size 2048K, 11 young (22528K), 0 survivors (0K)
 Metaspace       used 6574K, committed 6784K, reserved 1114112K
  class space    used 650K, committed 768K, reserved 1048576K
}
Event: 2.043 GC heap after
{Heap after GC invocations=1 (full 0):
 garbage-first heap   total 163840K, used 3754K [0x0000000760e00000, 0x0000000800000000)
  region size 2048K, 2 young (4096K), 2 survivors (4096K)
 Metaspace       used 6574K, committed 6784K, reserved 1114112K
  class space    used 650K, committed 768K, reserved 1048576K
}
Event: 4.272 GC heap before
{Heap before GC invocations=1 (full 0):
 garbage-first heap   total 163840K, used 34474K [0x0000000760e00000, 0x0000000800000000)
  region size 2048K, 18 young (36864K), 2 survivors (4096K)
 Metaspace       used 11104K, committed 11456K, reserved 1114112K
  class space    used 1114K, committed 1280K, reserved 1048576K
}
Event: 4.284 GC heap after
{Heap after GC invocations=2 (full 0):
 garbage-first heap   total 163840K, used 7540K [0x0000000760e00000, 0x0000000800000000)
  region size 2048K, 2 young (4096K), 2 survivors (4096K)
 Metaspace       used 11104K, committed 11456K, reserved 1114112K
  class space    used 1114K, committed 1280K, reserved 1048576K
}
Event: 6.386 GC heap before
{Heap before GC invocations=2 (full 0):
 garbage-first heap   total 163840K, used 34164K [0x0000000760e00000, 0x0000000800000000)
  region size 2048K, 17 young (34816K), 2 survivors (4096K)
 Metaspace       used 20965K, committed 21504K, reserved 1114112K
  class space    used 1955K, committed 2176K, reserved 1048576K
}
Event: 6.391 GC heap after
{Heap after GC invocations=3 (full 0):
 garbage-first heap   total 163840K, used 10772K [0x0000000760e00000, 0x0000000800000000)
  region size 2048K, 4 young (8192K), 4 survivors (8192K)
 Metaspace       used 20965K, committed 21504K, reserved 1114112K
  class space    used 1955K, committed 2176K, reserved 1048576K
}
Event: 7.857 GC heap before
{Heap before GC invocations=4 (full 0):
 garbage-first heap   total 55296K, used 53780K [0x0000000760e00000, 0x0000000800000000)
  region size 2048K, 25 young (51200K), 4 survivors (8192K)
 Metaspace       used 29382K, committed 30144K, reserved 1114112K
  class space    used 2799K, committed 3136K, reserved 1048576K
}
Event: 7.896 GC heap after
{Heap after GC invocations=5 (full 0):
 garbage-first heap   total 67584K, used 14910K [0x0000000760e00000, 0x0000000800000000)
  region size 2048K, 4 young (8192K), 4 survivors (8192K)
 Metaspace       used 29382K, committed 30144K, reserved 1114112K
  class space    used 2799K, committed 3136K, reserved 1048576K
}
Event: 34.905 GC heap before
{Heap before GC invocations=5 (full 0):
 garbage-first heap   total 67584K, used 45630K [0x0000000760e00000, 0x0000000800000000)
  region size 2048K, 19 young (38912K), 4 survivors (8192K)
 Metaspace       used 31878K, committed 32704K, reserved 1114112K
  class space    used 3030K, committed 3392K, reserved 1048576K
}
Event: 34.917 GC heap after
{Heap after GC invocations=6 (full 0):
 garbage-first heap   total 67584K, used 18024K [0x0000000760e00000, 0x0000000800000000)
  region size 2048K, 2 young (4096K), 2 survivors (4096K)
 Metaspace       used 31878K, committed 32704K, reserved 1114112K
  class space    used 3030K, committed 3392K, reserved 1048576K
}

