# JRE version: OpenJDK Runtime Environment Temurin-21.0.7+6 (21.0.7+6) (build 21.0.7+6-LTS)
# Java VM: OpenJDK 64-Bit Server VM Temurin-21.0.7+6 (21.0.7+6-LTS, mixed mode, sharing, tiered, compressed oops, compressed class ptrs, parallel gc, windows-amd64)
GC Precious Log:
 CardTable entry size: 512
 CPUs: 8 total, 8 available
 Memory: 10177M
 Large Page Support: Disabled
 NUMA Support: Disabled
 Compressed Oops: Enabled (32-bit)
 Alignments: Space 512K, Generation 512K, Heap 2M
 Heap Min Capacity: 100M
 Heap Initial Capacity: 100M
 Heap Max Capacity: 1G
 Pre-touch: Disabled
 Parallel Workers: 8
Heap:
 PSYoungGen      total 2560K, used 956K [0x00000000eab00000, 0x00000000eae00000, 0x0000000100000000)
  eden space 1536K, 43% used [0x00000000eab00000,0x00000000eaba72a8,0x00000000eac80000)
  from space 1024K, 28% used [0x00000000eac80000,0x00000000eacc8000,0x00000000ead80000)
  to   space 512K, 0% used [0x00000000ead80000,0x00000000ead80000,0x00000000eae00000)
 ParOldGen       total 210944K, used 210890K [0x00000000c0000000, 0x00000000cce00000, 0x00000000eab00000)
  object space 210944K, 99% used [0x00000000c0000000,0x00000000ccdf2938,0x00000000cce00000)
 Metaspace       used 55029K, committed 56256K, reserved 1114112K
  class space    used 5712K, committed 6336K, reserved 1048576K
GC Heap History (20 events):
Event: 56.708 GC heap before
{Heap before GC invocations=283 (full 2):
 PSYoungGen      total 2048K, used 1920K [0x00000000eab00000, 0x00000000eae00000, 0x0000000100000000)
  eden space 1536K, 100% used [0x00000000eab00000,0x00000000eac80000,0x00000000eac80000)
  from space 512K, 75% used [0x00000000ead80000,0x00000000eade0000,0x00000000eae00000)
  to   space 512K, 0% used [0x00000000ead00000,0x00000000ead00000,0x00000000ead80000)
 ParOldGen       total 207872K, used 207534K [0x00000000c0000000, 0x00000000ccb00000, 0x00000000eab00000)
  object space 207872K, 99% used [0x00000000c0000000,0x00000000ccaab898,0x00000000ccb00000)
 Metaspace       used 55015K, committed 56256K, reserved 1114112K
  class space    used 5712K, committed 6336K, reserved 1048576K
}
Event: 56.709 GC heap after
{Heap after GC invocations=283 (full 2):
 PSYoungGen      total 2048K, used 448K [0x00000000eab00000, 0x00000000eae00000, 0x0000000100000000)
  eden space 1536K, 0% used [0x00000000eab00000,0x00000000eab00000,0x00000000eac80000)
  from space 512K, 87% used [0x00000000ead00000,0x00000000ead70000,0x00000000ead80000)
  to   space 512K, 0% used [0x00000000ead80000,0x00000000ead80000,0x00000000eae00000)
 ParOldGen       total 207872K, used 207795K [0x00000000c0000000, 0x00000000ccb00000, 0x00000000eab00000)
  object space 207872K, 99% used [0x00000000c0000000,0x00000000ccaecfc0,0x00000000ccb00000)
 Metaspace       used 55015K, committed 56256K, reserved 1114112K
  class space    used 5712K, committed 6336K, reserved 1048576K
}
Event: 56.722 GC heap before
{Heap before GC invocations=284 (full 2):
 PSYoungGen      total 2048K, used 1981K [0x00000000eab00000, 0x00000000eae00000, 0x0000000100000000)
  eden space 1536K, 99% used [0x00000000eab00000,0x00000000eac7f4d0,0x00000000eac80000)
  from space 512K, 87% used [0x00000000ead00000,0x00000000ead70000,0x00000000ead80000)
  to   space 512K, 0% used [0x00000000ead80000,0x00000000ead80000,0x00000000eae00000)
 ParOldGen       total 207872K, used 207795K [0x00000000c0000000, 0x00000000ccb00000, 0x00000000eab00000)
  object space 207872K, 99% used [0x00000000c0000000,0x00000000ccaecfc0,0x00000000ccb00000)
 Metaspace       used 55015K, committed 56256K, reserved 1114112K
  class space    used 5712K, committed 6336K, reserved 1048576K
}
Event: 56.724 GC heap after
{Heap after GC invocations=284 (full 2):
 PSYoungGen      total 2048K, used 416K [0x00000000eab00000, 0x00000000eae00000, 0x0000000100000000)
  eden space 1536K, 0% used [0x00000000eab00000,0x00000000eab00000,0x00000000eac80000)
  from space 512K, 81% used [0x00000000ead80000,0x00000000eade8000,0x00000000eae00000)
  to   space 512K, 0% used [0x00000000ead00000,0x00000000ead00000,0x00000000ead80000)
 ParOldGen       total 208384K, used 208097K [0x00000000c0000000, 0x00000000ccb80000, 0x00000000eab00000)
  object space 208384K, 99% used [0x00000000c0000000,0x00000000ccb386a0,0x00000000ccb80000)
 Metaspace       used 55015K, committed 56256K, reserved 1114112K
  class space    used 5712K, committed 6336K, reserved 1048576K
}
Event: 56.736 GC heap before
{Heap before GC invocations=285 (full 2):
 PSYoungGen      total 2048K, used 1952K [0x00000000eab00000, 0x00000000eae00000, 0x0000000100000000)
  eden space 1536K, 100% used [0x00000000eab00000,0x00000000eac80000,0x00000000eac80000)
  from space 512K, 81% used [0x00000000ead80000,0x00000000eade8000,0x00000000eae00000)
  to   space 512K, 0% used [0x00000000ead00000,0x00000000ead00000,0x00000000ead80000)
 ParOldGen       total 208384K, used 208097K [0x00000000c0000000, 0x00000000ccb80000, 0x00000000eab00000)
  object space 208384K, 99% used [0x00000000c0000000,0x00000000ccb386a0,0x00000000ccb80000)
 Metaspace       used 55015K, committed 56256K, reserved 1114112K
  class space    used 5712K, committed 6336K, reserved 1048576K
}
Event: 56.738 GC heap after
{Heap after GC invocations=285 (full 2):
 PSYoungGen      total 2048K, used 464K [0x00000000eab00000, 0x00000000eae00000, 0x0000000100000000)
  eden space 1536K, 0% used [0x00000000eab00000,0x00000000eab00000,0x00000000eac80000)
  from space 512K, 90% used [0x00000000ead00000,0x00000000ead74188,0x00000000ead80000)
  to   space 512K, 0% used [0x00000000ead80000,0x00000000ead80000,0x00000000eae00000)
 ParOldGen       total 208896K, used 208390K [0x00000000c0000000, 0x00000000ccc00000, 0x00000000eab00000)
  object space 208896K, 99% used [0x00000000c0000000,0x00000000ccb818d0,0x00000000ccc00000)
 Metaspace       used 55015K, committed 56256K, reserved 1114112K
  class space    used 5712K, committed 6336K, reserved 1048576K
}
Event: 56.751 GC heap before
{Heap before GC invocations=286 (full 2):
 PSYoungGen      total 2048K, used 2000K [0x00000000eab00000, 0x00000000eae00000, 0x0000000100000000)
  eden space 1536K, 100% used [0x00000000eab00000,0x00000000eac80000,0x00000000eac80000)
  from space 512K, 90% used [0x00000000ead00000,0x00000000ead74188,0x00000000ead80000)
  to   space 512K, 0% used [0x00000000ead80000,0x00000000ead80000,0x00000000eae00000)
 ParOldGen       total 208896K, used 208390K [0x00000000c0000000, 0x00000000ccc00000, 0x00000000eab00000)
  object space 208896K, 99% used [0x00000000c0000000,0x00000000ccb818d0,0x00000000ccc00000)
 Metaspace       used 55015K, committed 56256K, reserved 1114112K
  class space    used 5712K, committed 6336K, reserved 1048576K
}
Event: 56.753 GC heap after
{Heap after GC invocations=286 (full 2):
 PSYoungGen      total 2048K, used 512K [0x00000000eab00000, 0x00000000eae80000, 0x0000000100000000)
  eden space 1536K, 0% used [0x00000000eab00000,0x00000000eab00000,0x00000000eac80000)
  from space 512K, 100% used [0x00000000ead80000,0x00000000eae00000,0x00000000eae00000)
  to   space 1024K, 0% used [0x00000000eac80000,0x00000000eac80000,0x00000000ead80000)
 ParOldGen       total 208896K, used 208724K [0x00000000c0000000, 0x00000000ccc00000, 0x00000000eab00000)
  object space 208896K, 99% used [0x00000000c0000000,0x00000000ccbd53b8,0x00000000ccc00000)
 Metaspace       used 55015K, committed 56256K, reserved 1114112K
  class space    used 5712K, committed 6336K, reserved 1048576K
}
Event: 56.774 GC heap before
{Heap before GC invocations=287 (full 2):
 PSYoungGen      total 2048K, used 2048K [0x00000000eab00000, 0x00000000eae80000, 0x0000000100000000)
  eden space 1536K, 100% used [0x00000000eab00000,0x00000000eac80000,0x00000000eac80000)
  from space 512K, 100% used [0x00000000ead80000,0x00000000eae00000,0x00000000eae00000)
  to   space 1024K, 0% used [0x00000000eac80000,0x00000000eac80000,0x00000000ead80000)
 ParOldGen       total 208896K, used 208724K [0x00000000c0000000, 0x00000000ccc00000, 0x00000000eab00000)
  object space 208896K, 99% used [0x00000000c0000000,0x00000000ccbd53b8,0x00000000ccc00000)
 Metaspace       used 55024K, committed 56256K, reserved 1114112K
  class space    used 5712K, committed 6336K, reserved 1048576K
}
Event: 56.776 GC heap after
{Heap after GC invocations=287 (full 2):
 PSYoungGen      total 2560K, used 652K [0x00000000eab00000, 0x00000000eae80000, 0x0000000100000000)
  eden space 1536K, 0% used [0x00000000eab00000,0x00000000eab00000,0x00000000eac80000)
  from space 1024K, 63% used [0x00000000eac80000,0x00000000ead23010,0x00000000ead80000)
  to   space 1024K, 0% used [0x00000000ead80000,0x00000000ead80000,0x00000000eae80000)
 ParOldGen       total 209408K, used 209125K [0x00000000c0000000, 0x00000000ccc80000, 0x00000000eab00000)
  object space 209408K, 99% used [0x00000000c0000000,0x00000000ccc39528,0x00000000ccc80000)
 Metaspace       used 55024K, committed 56256K, reserved 1114112K
  class space    used 5712K, committed 6336K, reserved 1048576K
}
Event: 56.789 GC heap before
{Heap before GC invocations=288 (full 2):
 PSYoungGen      total 2560K, used 2188K [0x00000000eab00000, 0x00000000eae80000, 0x0000000100000000)
  eden space 1536K, 100% used [0x00000000eab00000,0x00000000eac80000,0x00000000eac80000)
  from space 1024K, 63% used [0x00000000eac80000,0x00000000ead23010,0x00000000ead80000)
  to   space 1024K, 0% used [0x00000000ead80000,0x00000000ead80000,0x00000000eae80000)
 ParOldGen       total 209408K, used 209125K [0x00000000c0000000, 0x00000000ccc80000, 0x00000000eab00000)
  object space 209408K, 99% used [0x00000000c0000000,0x00000000ccc39528,0x00000000ccc80000)
 Metaspace       used 55026K, committed 56256K, reserved 1114112K
  class space    used 5712K, committed 6336K, reserved 1048576K
}
Event: 56.791 GC heap after
{Heap after GC invocations=288 (full 2):
 PSYoungGen      total 2560K, used 531K [0x00000000eab00000, 0x00000000eae80000, 0x0000000100000000)
  eden space 1536K, 0% used [0x00000000eab00000,0x00000000eab00000,0x00000000eac80000)
  from space 1024K, 51% used [0x00000000ead80000,0x00000000eae04ca8,0x00000000eae80000)
  to   space 1024K, 0% used [0x00000000eac80000,0x00000000eac80000,0x00000000ead80000)
 ParOldGen       total 209920K, used 209610K [0x00000000c0000000, 0x00000000ccd00000, 0x00000000eab00000)
  object space 209920K, 99% used [0x00000000c0000000,0x00000000cccb2ab8,0x00000000ccd00000)
 Metaspace       used 55026K, committed 56256K, reserved 1114112K
  class space    used 5712K, committed 6336K, reserved 1048576K
}
Event: 56.881 GC heap before
{Heap before GC invocations=289 (full 2):
 PSYoungGen      total 2560K, used 2067K [0x00000000eab00000, 0x00000000eae80000, 0x0000000100000000)
  eden space 1536K, 100% used [0x00000000eab00000,0x00000000eac80000,0x00000000eac80000)
  from space 1024K, 51% used [0x00000000ead80000,0x00000000eae04ca8,0x00000000eae80000)
  to   space 1024K, 0% used [0x00000000eac80000,0x00000000eac80000,0x00000000ead80000)
 ParOldGen       total 209920K, used 209610K [0x00000000c0000000, 0x00000000ccd00000, 0x00000000eab00000)
  object space 209920K, 99% used [0x00000000c0000000,0x00000000cccb2ab8,0x00000000ccd00000)
 Metaspace       used 55026K, committed 56256K, reserved 1114112K
  class space    used 5712K, committed 6336K, reserved 1048576K
}
Event: 56.883 GC heap after
{Heap after GC invocations=289 (full 2):
 PSYoungGen      total 2560K, used 502K [0x00000000eab00000, 0x00000000eae80000, 0x0000000100000000)
  eden space 1536K, 0% used [0x00000000eab00000,0x00000000eab00000,0x00000000eac80000)
  from space 1024K, 49% used [0x00000000eac80000,0x00000000eacfd880,0x00000000ead80000)
  to   space 1024K, 0% used [0x00000000ead80000,0x00000000ead80000,0x00000000eae80000)
 ParOldGen       total 210432K, used 210017K [0x00000000c0000000, 0x00000000ccd80000, 0x00000000eab00000)
  object space 210432K, 99% used [0x00000000c0000000,0x00000000ccd18588,0x00000000ccd80000)
 Metaspace       used 55026K, committed 56256K, reserved 1114112K
  class space    used 5712K, committed 6336K, reserved 1048576K
}
Event: 56.980 GC heap before
{Heap before GC invocations=290 (full 2):
 PSYoungGen      total 2560K, used 2038K [0x00000000eab00000, 0x00000000eae80000, 0x0000000100000000)
  eden space 1536K, 100% used [0x00000000eab00000,0x00000000eac80000,0x00000000eac80000)
  from space 1024K, 49% used [0x00000000eac80000,0x00000000eacfd880,0x00000000ead80000)
  to   space 1024K, 0% used [0x00000000ead80000,0x00000000ead80000,0x00000000eae80000)
 ParOldGen       total 210432K, used 210017K [0x00000000c0000000, 0x00000000ccd80000, 0x00000000eab00000)
  object space 210432K, 99% used [0x00000000c0000000,0x00000000ccd18588,0x00000000ccd80000)
 Metaspace       used 55029K, committed 56256K, reserved 1114112K
  class space    used 5712K, committed 6336K, reserved 1048576K
}
Event: 56.983 GC heap after
{Heap after GC invocations=290 (full 2):
 PSYoungGen      total 2048K, used 352K [0x00000000eab00000, 0x00000000eae00000, 0x0000000100000000)
  eden space 1536K, 0% used [0x00000000eab00000,0x00000000eab00000,0x00000000eac80000)
  from space 512K, 68% used [0x00000000ead80000,0x00000000eadd8000,0x00000000eae00000)
  to   space 512K, 0% used [0x00000000ead00000,0x00000000ead00000,0x00000000ead80000)
 ParOldGen       total 210432K, used 210369K [0x00000000c0000000, 0x00000000ccd80000, 0x00000000eab00000)
  object space 210432K, 99% used [0x00000000c0000000,0x00000000ccd70620,0x00000000ccd80000)
 Metaspace       used 55029K, committed 56256K, reserved 1114112K
  class space    used 5712K, committed 6336K, reserved 1048576K
}
Event: 57.028 GC heap before
{Heap before GC invocations=291 (full 2):
 PSYoungGen      total 2048K, used 1888K [0x00000000eab00000, 0x00000000eae00000, 0x0000000100000000)
  eden space 1536K, 100% used [0x00000000eab00000,0x00000000eac80000,0x00000000eac80000)
  from space 512K, 68% used [0x00000000ead80000,0x00000000eadd8000,0x00000000eae00000)
  to   space 512K, 0% used [0x00000000ead00000,0x00000000ead00000,0x00000000ead80000)
 ParOldGen       total 210432K, used 210369K [0x00000000c0000000, 0x00000000ccd80000, 0x00000000eab00000)
  object space 210432K, 99% used [0x00000000c0000000,0x00000000ccd70620,0x00000000ccd80000)
 Metaspace       used 55029K, committed 56256K, reserved 1114112K
  class space    used 5712K, committed 6336K, reserved 1048576K
}
Event: 57.030 GC heap after
{Heap after GC invocations=291 (full 2):
 PSYoungGen      total 2048K, used 256K [0x00000000eab00000, 0x00000000eae00000, 0x0000000100000000)
  eden space 1536K, 0% used [0x00000000eab00000,0x00000000eab00000,0x00000000eac80000)
  from space 512K, 50% used [0x00000000ead00000,0x00000000ead40000,0x00000000ead80000)
  to   space 512K, 0% used [0x00000000ead80000,0x00000000ead80000,0x00000000eae00000)
 ParOldGen       total 210944K, used 210593K [0x00000000c0000000, 0x00000000cce00000, 0x00000000eab00000)
  object space 210944K, 99% used [0x00000000c0000000,0x00000000ccda84c8,0x00000000cce00000)
 Metaspace       used 55029K, committed 56256K, reserved 1114112K
  class space    used 5712K, committed 6336K, reserved 1048576K
}
Event: 57.149 GC heap before
{Heap before GC invocations=292 (full 2):
 PSYoungGen      total 2048K, used 1792K [0x00000000eab00000, 0x00000000eae00000, 0x0000000100000000)
  eden space 1536K, 100% used [0x00000000eab00000,0x00000000eac80000,0x00000000eac80000)
  from space 512K, 50% used [0x00000000ead00000,0x00000000ead40000,0x00000000ead80000)
  to   space 512K, 0% used [0x00000000ead80000,0x00000000ead80000,0x00000000eae00000)
 ParOldGen       total 210944K, used 210593K [0x00000000c0000000, 0x00000000cce00000, 0x00000000eab00000)
  object space 210944K, 99% used [0x00000000c0000000,0x00000000ccda84c8,0x00000000cce00000)
 Metaspace       used 55029K, committed 56256K, reserved 1114112K
  class space    used 5712K, committed 6336K, reserved 1048576K
}
Event: 57.150 GC heap after
{Heap after GC invocations=292 (full 2):
 PSYoungGen      total 2048K, used 512K [0x00000000eab00000, 0x00000000eae80000, 0x0000000100000000)
  eden space 1536K, 0% used [0x00000000eab00000,0x00000000eab00000,0x00000000eac80000)
  from space 512K, 100% used [0x00000000ead80000,0x00000000eae00000,0x00000000eae00000)
  to   space 1024K, 0% used [0x00000000eac80000,0x00000000eac80000,0x00000000ead80000)
 ParOldGen       total 210944K, used 210753K [0x00000000c0000000, 0x00000000cce00000, 0x00000000eab00000)
  object space 210944K, 99% used [0x00000000c0000000,0x00000000ccdd04c8,0x00000000cce00000)
 Metaspace       used 55029K, committed 56256K, reserved 1114112K
  class space    used 5712K, committed 6336K, reserved 1048576K
}

