# JRE version: OpenJDK Runtime Environment Temurin-21.0.7+6 (21.0.7+6) (build 21.0.7+6-LTS)
# Java VM: OpenJDK 64-Bit Server VM Temurin-21.0.7+6 (21.0.7+6-LTS, mixed mode, sharing, tiered, compressed oops, compressed class ptrs, parallel gc, windows-amd64)
GC Precious Log:
 CardTable entry size: 512
 CPUs: 8 total, 8 available
 Memory: 10177M
 Large Page Support: Disabled
 NUMA Support: Disabled
 Compressed Oops: Enabled (32-bit)
 Alignments: Space 512K, Generation 512K, Heap 2M
 Heap Min Capacity: 100M
 Heap Initial Capacity: 100M
 Heap Max Capacity: 1G
 Pre-touch: Disabled
 Parallel Workers: 8
Heap:
 PSYoungGen      total 19456K, used 17424K [0x00000000eab00000, 0x00000000ec180000, 0x0000000100000000)
  eden space 15872K, 87% used [0x00000000eab00000,0x00000000eb886888,0x00000000eba80000)
  from space 3584K, 99% used [0x00000000ebe00000,0x00000000ec17d980,0x00000000ec180000)
  to   space 3072K, 0% used [0x00000000eba80000,0x00000000eba80000,0x00000000ebd80000)
 ParOldGen       total 68608K, used 48386K [0x00000000c0000000, 0x00000000c4300000, 0x00000000eab00000)
  object space 68608K, 70% used [0x00000000c0000000,0x00000000c2f40bc8,0x00000000c4300000)
 Metaspace       used 47475K, committed 48704K, reserved 1114112K
  class space    used 4966K, committed 5504K, reserved 1048576K
GC Heap History (20 events):
Event: 15.032 GC heap before
{Heap before GC invocations=23 (full 2):
 PSYoungGen      total 20992K, used 20973K [0x00000000eab00000, 0x00000000eca80000, 0x0000000100000000)
  eden space 19456K, 100% used [0x00000000eab00000,0x00000000ebe00000,0x00000000ebe00000)
  from space 1536K, 98% used [0x00000000ec300000,0x00000000ec47b540,0x00000000ec480000)
  to   space 5120K, 0% used [0x00000000ebe00000,0x00000000ebe00000,0x00000000ec300000)
 ParOldGen       total 68608K, used 28187K [0x00000000c0000000, 0x00000000c4300000, 0x00000000eab00000)
  object space 68608K, 41% used [0x00000000c0000000,0x00000000c1b86c08,0x00000000c4300000)
 Metaspace       used 46204K, committed 47424K, reserved 1114112K
  class space    used 4855K, committed 5376K, reserved 1048576K
}
Event: 15.035 GC heap after
{Heap after GC invocations=23 (full 2):
 PSYoungGen      total 21504K, used 2016K [0x00000000eab00000, 0x00000000ec400000, 0x0000000100000000)
  eden space 19456K, 0% used [0x00000000eab00000,0x00000000eab00000,0x00000000ebe00000)
  from space 2048K, 98% used [0x00000000ebe00000,0x00000000ebff8010,0x00000000ec000000)
  to   space 3072K, 0% used [0x00000000ec100000,0x00000000ec100000,0x00000000ec400000)
 ParOldGen       total 68608K, used 29675K [0x00000000c0000000, 0x00000000c4300000, 0x00000000eab00000)
  object space 68608K, 43% used [0x00000000c0000000,0x00000000c1cfad40,0x00000000c4300000)
 Metaspace       used 46204K, committed 47424K, reserved 1114112K
  class space    used 4855K, committed 5376K, reserved 1048576K
}
Event: 15.235 GC heap before
{Heap before GC invocations=24 (full 2):
 PSYoungGen      total 21504K, used 21472K [0x00000000eab00000, 0x00000000ec400000, 0x0000000100000000)
  eden space 19456K, 100% used [0x00000000eab00000,0x00000000ebe00000,0x00000000ebe00000)
  from space 2048K, 98% used [0x00000000ebe00000,0x00000000ebff8010,0x00000000ec000000)
  to   space 3072K, 0% used [0x00000000ec100000,0x00000000ec100000,0x00000000ec400000)
 ParOldGen       total 68608K, used 29675K [0x00000000c0000000, 0x00000000c4300000, 0x00000000eab00000)
  object space 68608K, 43% used [0x00000000c0000000,0x00000000c1cfad40,0x00000000c4300000)
 Metaspace       used 46546K, committed 47808K, reserved 1114112K
  class space    used 4899K, committed 5440K, reserved 1048576K
}
Event: 15.242 GC heap after
{Heap after GC invocations=24 (full 2):
 PSYoungGen      total 22016K, used 2434K [0x00000000eab00000, 0x00000000ec380000, 0x0000000100000000)
  eden space 19456K, 0% used [0x00000000eab00000,0x00000000eab00000,0x00000000ebe00000)
  from space 2560K, 95% used [0x00000000ec100000,0x00000000ec360810,0x00000000ec380000)
  to   space 2560K, 0% used [0x00000000ebe80000,0x00000000ebe80000,0x00000000ec100000)
 ParOldGen       total 68608K, used 31531K [0x00000000c0000000, 0x00000000c4300000, 0x00000000eab00000)
  object space 68608K, 45% used [0x00000000c0000000,0x00000000c1ecad80,0x00000000c4300000)
 Metaspace       used 46546K, committed 47808K, reserved 1114112K
  class space    used 4899K, committed 5440K, reserved 1048576K
}
Event: 15.357 GC heap before
{Heap before GC invocations=25 (full 2):
 PSYoungGen      total 22016K, used 21890K [0x00000000eab00000, 0x00000000ec380000, 0x0000000100000000)
  eden space 19456K, 100% used [0x00000000eab00000,0x00000000ebe00000,0x00000000ebe00000)
  from space 2560K, 95% used [0x00000000ec100000,0x00000000ec360810,0x00000000ec380000)
  to   space 2560K, 0% used [0x00000000ebe80000,0x00000000ebe80000,0x00000000ec100000)
 ParOldGen       total 68608K, used 31531K [0x00000000c0000000, 0x00000000c4300000, 0x00000000eab00000)
  object space 68608K, 45% used [0x00000000c0000000,0x00000000c1ecad80,0x00000000c4300000)
 Metaspace       used 46578K, committed 47808K, reserved 1114112K
  class space    used 4899K, committed 5440K, reserved 1048576K
}
Event: 15.363 GC heap after
{Heap after GC invocations=25 (full 2):
 PSYoungGen      total 22016K, used 2198K [0x00000000eab00000, 0x00000000ec300000, 0x0000000100000000)
  eden space 19456K, 0% used [0x00000000eab00000,0x00000000eab00000,0x00000000ebe00000)
  from space 2560K, 85% used [0x00000000ebe80000,0x00000000ec0a5808,0x00000000ec100000)
  to   space 2048K, 0% used [0x00000000ec100000,0x00000000ec100000,0x00000000ec300000)
 ParOldGen       total 68608K, used 33817K [0x00000000c0000000, 0x00000000c4300000, 0x00000000eab00000)
  object space 68608K, 49% used [0x00000000c0000000,0x00000000c2106700,0x00000000c4300000)
 Metaspace       used 46578K, committed 47808K, reserved 1114112K
  class space    used 4899K, committed 5440K, reserved 1048576K
}
Event: 15.450 GC heap before
{Heap before GC invocations=26 (full 2):
 PSYoungGen      total 22016K, used 21654K [0x00000000eab00000, 0x00000000ec300000, 0x0000000100000000)
  eden space 19456K, 100% used [0x00000000eab00000,0x00000000ebe00000,0x00000000ebe00000)
  from space 2560K, 85% used [0x00000000ebe80000,0x00000000ec0a5808,0x00000000ec100000)
  to   space 2048K, 0% used [0x00000000ec100000,0x00000000ec100000,0x00000000ec300000)
 ParOldGen       total 68608K, used 33817K [0x00000000c0000000, 0x00000000c4300000, 0x00000000eab00000)
  object space 68608K, 49% used [0x00000000c0000000,0x00000000c2106700,0x00000000c4300000)
 Metaspace       used 46583K, committed 47808K, reserved 1114112K
  class space    used 4899K, committed 5440K, reserved 1048576K
}
Event: 15.455 GC heap after
{Heap after GC invocations=26 (full 2):
 PSYoungGen      total 19968K, used 2037K [0x00000000eab00000, 0x00000000ec700000, 0x0000000100000000)
  eden space 17920K, 0% used [0x00000000eab00000,0x00000000eab00000,0x00000000ebc80000)
  from space 2048K, 99% used [0x00000000ec100000,0x00000000ec2fd6d8,0x00000000ec300000)
  to   space 4608K, 0% used [0x00000000ebc80000,0x00000000ebc80000,0x00000000ec100000)
 ParOldGen       total 68608K, used 35876K [0x00000000c0000000, 0x00000000c4300000, 0x00000000eab00000)
  object space 68608K, 52% used [0x00000000c0000000,0x00000000c2309020,0x00000000c4300000)
 Metaspace       used 46583K, committed 47808K, reserved 1114112K
  class space    used 4899K, committed 5440K, reserved 1048576K
}
Event: 15.554 GC heap before
{Heap before GC invocations=27 (full 2):
 PSYoungGen      total 19968K, used 19957K [0x00000000eab00000, 0x00000000ec700000, 0x0000000100000000)
  eden space 17920K, 100% used [0x00000000eab00000,0x00000000ebc80000,0x00000000ebc80000)
  from space 2048K, 99% used [0x00000000ec100000,0x00000000ec2fd6d8,0x00000000ec300000)
  to   space 4608K, 0% used [0x00000000ebc80000,0x00000000ebc80000,0x00000000ec100000)
 ParOldGen       total 68608K, used 35876K [0x00000000c0000000, 0x00000000c4300000, 0x00000000eab00000)
  object space 68608K, 52% used [0x00000000c0000000,0x00000000c2309020,0x00000000c4300000)
 Metaspace       used 46593K, committed 47808K, reserved 1114112K
  class space    used 4899K, committed 5440K, reserved 1048576K
}
Event: 15.562 GC heap after
{Heap after GC invocations=27 (full 2):
 PSYoungGen      total 19968K, used 1814K [0x00000000eab00000, 0x00000000ec280000, 0x0000000100000000)
  eden space 17920K, 0% used [0x00000000eab00000,0x00000000eab00000,0x00000000ebc80000)
  from space 2048K, 88% used [0x00000000ebc80000,0x00000000ebe45858,0x00000000ebe80000)
  to   space 3072K, 0% used [0x00000000ebf80000,0x00000000ebf80000,0x00000000ec280000)
 ParOldGen       total 68608K, used 37855K [0x00000000c0000000, 0x00000000c4300000, 0x00000000eab00000)
  object space 68608K, 55% used [0x00000000c0000000,0x00000000c24f7fb0,0x00000000c4300000)
 Metaspace       used 46593K, committed 47808K, reserved 1114112K
  class space    used 4899K, committed 5440K, reserved 1048576K
}
Event: 15.775 GC heap before
{Heap before GC invocations=28 (full 2):
 PSYoungGen      total 19968K, used 19734K [0x00000000eab00000, 0x00000000ec280000, 0x0000000100000000)
  eden space 17920K, 100% used [0x00000000eab00000,0x00000000ebc80000,0x00000000ebc80000)
  from space 2048K, 88% used [0x00000000ebc80000,0x00000000ebe45858,0x00000000ebe80000)
  to   space 3072K, 0% used [0x00000000ebf80000,0x00000000ebf80000,0x00000000ec280000)
 ParOldGen       total 68608K, used 37855K [0x00000000c0000000, 0x00000000c4300000, 0x00000000eab00000)
  object space 68608K, 55% used [0x00000000c0000000,0x00000000c24f7fb0,0x00000000c4300000)
 Metaspace       used 46729K, committed 48000K, reserved 1114112K
  class space    used 4910K, committed 5440K, reserved 1048576K
}
Event: 15.780 GC heap after
{Heap after GC invocations=28 (full 2):
 PSYoungGen      total 20480K, used 2106K [0x00000000eab00000, 0x00000000ec200000, 0x0000000100000000)
  eden space 17920K, 0% used [0x00000000eab00000,0x00000000eab00000,0x00000000ebc80000)
  from space 2560K, 82% used [0x00000000ebf80000,0x00000000ec18e9c8,0x00000000ec200000)
  to   space 2560K, 0% used [0x00000000ebd00000,0x00000000ebd00000,0x00000000ebf80000)
 ParOldGen       total 68608K, used 39551K [0x00000000c0000000, 0x00000000c4300000, 0x00000000eab00000)
  object space 68608K, 57% used [0x00000000c0000000,0x00000000c269fc78,0x00000000c4300000)
 Metaspace       used 46729K, committed 48000K, reserved 1114112K
  class space    used 4910K, committed 5440K, reserved 1048576K
}
Event: 15.943 GC heap before
{Heap before GC invocations=29 (full 2):
 PSYoungGen      total 20480K, used 20026K [0x00000000eab00000, 0x00000000ec200000, 0x0000000100000000)
  eden space 17920K, 100% used [0x00000000eab00000,0x00000000ebc80000,0x00000000ebc80000)
  from space 2560K, 82% used [0x00000000ebf80000,0x00000000ec18e9c8,0x00000000ec200000)
  to   space 2560K, 0% used [0x00000000ebd00000,0x00000000ebd00000,0x00000000ebf80000)
 ParOldGen       total 68608K, used 39551K [0x00000000c0000000, 0x00000000c4300000, 0x00000000eab00000)
  object space 68608K, 57% used [0x00000000c0000000,0x00000000c269fc78,0x00000000c4300000)
 Metaspace       used 46734K, committed 48000K, reserved 1114112K
  class space    used 4910K, committed 5440K, reserved 1048576K
}
Event: 15.948 GC heap after
{Heap after GC invocations=29 (full 2):
 PSYoungGen      total 19968K, used 1560K [0x00000000eab00000, 0x00000000ec080000, 0x0000000100000000)
  eden space 17920K, 0% used [0x00000000eab00000,0x00000000eab00000,0x00000000ebc80000)
  from space 2048K, 76% used [0x00000000ebd00000,0x00000000ebe86200,0x00000000ebf00000)
  to   space 1536K, 0% used [0x00000000ebf00000,0x00000000ebf00000,0x00000000ec080000)
 ParOldGen       total 68608K, used 41549K [0x00000000c0000000, 0x00000000c4300000, 0x00000000eab00000)
  object space 68608K, 60% used [0x00000000c0000000,0x00000000c28937e8,0x00000000c4300000)
 Metaspace       used 46734K, committed 48000K, reserved 1114112K
  class space    used 4910K, committed 5440K, reserved 1048576K
}
Event: 16.312 GC heap before
{Heap before GC invocations=30 (full 2):
 PSYoungGen      total 19968K, used 19480K [0x00000000eab00000, 0x00000000ec080000, 0x0000000100000000)
  eden space 17920K, 99% used [0x00000000eab00000,0x00000000ebc7fff8,0x00000000ebc80000)
  from space 2048K, 76% used [0x00000000ebd00000,0x00000000ebe86200,0x00000000ebf00000)
  to   space 1536K, 0% used [0x00000000ebf00000,0x00000000ebf00000,0x00000000ec080000)
 ParOldGen       total 68608K, used 41549K [0x00000000c0000000, 0x00000000c4300000, 0x00000000eab00000)
  object space 68608K, 60% used [0x00000000c0000000,0x00000000c28937e8,0x00000000c4300000)
 Metaspace       used 46974K, committed 48192K, reserved 1114112K
  class space    used 4928K, committed 5440K, reserved 1048576K
}
Event: 16.317 GC heap after
{Heap after GC invocations=30 (full 2):
 PSYoungGen      total 17408K, used 1521K [0x00000000eab00000, 0x00000000ec580000, 0x0000000100000000)
  eden space 15872K, 0% used [0x00000000eab00000,0x00000000eab00000,0x00000000eba80000)
  from space 1536K, 99% used [0x00000000ebf00000,0x00000000ec07c730,0x00000000ec080000)
  to   space 4608K, 0% used [0x00000000eba80000,0x00000000eba80000,0x00000000ebf00000)
 ParOldGen       total 68608K, used 44043K [0x00000000c0000000, 0x00000000c4300000, 0x00000000eab00000)
  object space 68608K, 64% used [0x00000000c0000000,0x00000000c2b02c08,0x00000000c4300000)
 Metaspace       used 46974K, committed 48192K, reserved 1114112K
  class space    used 4928K, committed 5440K, reserved 1048576K
}
Event: 16.686 GC heap before
{Heap before GC invocations=31 (full 2):
 PSYoungGen      total 17408K, used 17393K [0x00000000eab00000, 0x00000000ec580000, 0x0000000100000000)
  eden space 15872K, 100% used [0x00000000eab00000,0x00000000eba80000,0x00000000eba80000)
  from space 1536K, 99% used [0x00000000ebf00000,0x00000000ec07c730,0x00000000ec080000)
  to   space 4608K, 0% used [0x00000000eba80000,0x00000000eba80000,0x00000000ebf00000)
 ParOldGen       total 68608K, used 44043K [0x00000000c0000000, 0x00000000c4300000, 0x00000000eab00000)
  object space 68608K, 64% used [0x00000000c0000000,0x00000000c2b02c08,0x00000000c4300000)
 Metaspace       used 47010K, committed 48192K, reserved 1114112K
  class space    used 4928K, committed 5440K, reserved 1048576K
}
Event: 16.692 GC heap after
{Heap after GC invocations=31 (full 2):
 PSYoungGen      total 18944K, used 2898K [0x00000000eab00000, 0x00000000ec180000, 0x0000000100000000)
  eden space 15872K, 0% used [0x00000000eab00000,0x00000000eab00000,0x00000000eba80000)
  from space 3072K, 94% used [0x00000000eba80000,0x00000000ebd54a58,0x00000000ebd80000)
  to   space 3584K, 0% used [0x00000000ebe00000,0x00000000ebe00000,0x00000000ec180000)
 ParOldGen       total 68608K, used 45551K [0x00000000c0000000, 0x00000000c4300000, 0x00000000eab00000)
  object space 68608K, 66% used [0x00000000c0000000,0x00000000c2c7bcd8,0x00000000c4300000)
 Metaspace       used 47010K, committed 48192K, reserved 1114112K
  class space    used 4928K, committed 5440K, reserved 1048576K
}
Event: 16.819 GC heap before
{Heap before GC invocations=32 (full 2):
 PSYoungGen      total 18944K, used 18770K [0x00000000eab00000, 0x00000000ec180000, 0x0000000100000000)
  eden space 15872K, 100% used [0x00000000eab00000,0x00000000eba80000,0x00000000eba80000)
  from space 3072K, 94% used [0x00000000eba80000,0x00000000ebd54a58,0x00000000ebd80000)
  to   space 3584K, 0% used [0x00000000ebe00000,0x00000000ebe00000,0x00000000ec180000)
 ParOldGen       total 68608K, used 45551K [0x00000000c0000000, 0x00000000c4300000, 0x00000000eab00000)
  object space 68608K, 66% used [0x00000000c0000000,0x00000000c2c7bcd8,0x00000000c4300000)
 Metaspace       used 47174K, committed 48448K, reserved 1114112K
  class space    used 4944K, committed 5504K, reserved 1048576K
}
Event: 16.825 GC heap after
{Heap after GC invocations=32 (full 2):
 PSYoungGen      total 19456K, used 3574K [0x00000000eab00000, 0x00000000ec180000, 0x0000000100000000)
  eden space 15872K, 0% used [0x00000000eab00000,0x00000000eab00000,0x00000000eba80000)
  from space 3584K, 99% used [0x00000000ebe00000,0x00000000ec17d980,0x00000000ec180000)
  to   space 3072K, 0% used [0x00000000eba80000,0x00000000eba80000,0x00000000ebd80000)
 ParOldGen       total 68608K, used 48386K [0x00000000c0000000, 0x00000000c4300000, 0x00000000eab00000)
  object space 68608K, 70% used [0x00000000c0000000,0x00000000c2f40bc8,0x00000000c4300000)
 Metaspace       used 47174K, committed 48448K, reserved 1114112K
  class space    used 4944K, committed 5504K, reserved 1048576K
}

