# JRE version: Java(TM) SE Runtime Environment (21.0.6+8) (build 21.0.6+8-LTS-188)
# Java VM: Java HotSpot(TM) 64-Bit Server VM (21.0.6+8-LTS-188, mixed mode, sharing, tiered, compressed oops, compressed class ptrs, g1 gc, windows-amd64)
GC Precious Log:
 CardTable entry size: 512
 Card Set container configuration: InlinePtr #cards 4 size 8 Array Of Cards #cards 16 size 48 Howl #buckets 8 coarsen threshold 3686 Howl Bitmap #cards 512 size 80 coarsen threshold 460 Card regions per heap region 1 cards per card region 4096
 CPUs: 8 total, 8 available
 Memory: 10177M
 Large Page Support: Disabled
 NUMA Support: Disabled
 Compressed Oops: Enabled (Zero based)
 Heap Region Size: 2M
 Heap Min Capacity: 8M
 Heap Initial Capacity: 160M
 Heap Max Capacity: 2546M
 Pre-touch: Disabled
 Parallel Workers: 8
 Concurrent Workers: 2
 Concurrent Refinement Workers: 8
 Periodic GC: Disabled
Heap:
 garbage-first heap   total 634880K, used 277073K [0x0000000760e00000, 0x0000000800000000)
  region size 2048K, 3 young (6144K), 3 survivors (6144K)
 Metaspace       used 62411K, committed 63808K, reserved 1114112K
  class space    used 6485K, committed 7104K, reserved 1048576K
GC Heap History (20 events):
Event: 43.464 GC heap after
{Heap after GC invocations=36 (full 0):
 garbage-first heap   total 356352K, used 221485K [0x0000000760e00000, 0x0000000800000000)
  region size 2048K, 7 young (14336K), 7 survivors (14336K)
 Metaspace       used 58341K, committed 59584K, reserved 1114112K
  class space    used 6067K, committed 6656K, reserved 1048576K
}
Event: 43.817 GC heap before
{Heap before GC invocations=36 (full 0):
 garbage-first heap   total 356352K, used 309549K [0x0000000760e00000, 0x0000000800000000)
  region size 2048K, 50 young (102400K), 7 survivors (14336K)
 Metaspace       used 58347K, committed 59584K, reserved 1114112K
  class space    used 6067K, committed 6656K, reserved 1048576K
}
Event: 43.835 GC heap after
{Heap after GC invocations=37 (full 0):
 garbage-first heap   total 356352K, used 239377K [0x0000000760e00000, 0x0000000800000000)
  region size 2048K, 7 young (14336K), 7 survivors (14336K)
 Metaspace       used 58347K, committed 59584K, reserved 1114112K
  class space    used 6067K, committed 6656K, reserved 1048576K
}
Event: 44.456 GC heap before
{Heap before GC invocations=37 (full 0):
 garbage-first heap   total 356352K, used 315153K [0x0000000760e00000, 0x0000000800000000)
  region size 2048K, 44 young (90112K), 7 survivors (14336K)
 Metaspace       used 58347K, committed 59584K, reserved 1114112K
  class space    used 6067K, committed 6656K, reserved 1048576K
}
Event: 44.471 GC heap after
{Heap after GC invocations=38 (full 0):
 garbage-first heap   total 356352K, used 256493K [0x0000000760e00000, 0x0000000800000000)
  region size 2048K, 6 young (12288K), 6 survivors (12288K)
 Metaspace       used 58347K, committed 59584K, reserved 1114112K
  class space    used 6067K, committed 6656K, reserved 1048576K
}
Event: 44.871 GC heap before
{Heap before GC invocations=39 (full 0):
 garbage-first heap   total 481280K, used 313837K [0x0000000760e00000, 0x0000000800000000)
  region size 2048K, 35 young (71680K), 6 survivors (12288K)
 Metaspace       used 58347K, committed 59584K, reserved 1114112K
  class space    used 6067K, committed 6656K, reserved 1048576K
}
Event: 44.897 GC heap after
{Heap after GC invocations=40 (full 0):
 garbage-first heap   total 481280K, used 267551K [0x0000000760e00000, 0x0000000800000000)
  region size 2048K, 5 young (10240K), 5 survivors (10240K)
 Metaspace       used 58347K, committed 59584K, reserved 1114112K
  class space    used 6067K, committed 6656K, reserved 1048576K
}
Event: 46.421 GC heap before
{Heap before GC invocations=40 (full 0):
 garbage-first heap   total 481280K, used 408863K [0x0000000760e00000, 0x0000000800000000)
  region size 2048K, 74 young (151552K), 5 survivors (10240K)
 Metaspace       used 58347K, committed 59584K, reserved 1114112K
  class space    used 6067K, committed 6656K, reserved 1048576K
}
Event: 46.442 GC heap after
{Heap after GC invocations=41 (full 0):
 garbage-first heap   total 481280K, used 301056K [0x0000000760e00000, 0x0000000800000000)
  region size 2048K, 10 young (20480K), 10 survivors (20480K)
 Metaspace       used 58347K, committed 59584K, reserved 1114112K
  class space    used 6067K, committed 6656K, reserved 1048576K
}
Event: 48.169 GC heap before
{Heap before GC invocations=41 (full 0):
 garbage-first heap   total 481280K, used 419840K [0x0000000760e00000, 0x0000000800000000)
  region size 2048K, 67 young (137216K), 10 survivors (20480K)
 Metaspace       used 58366K, committed 59584K, reserved 1114112K
  class space    used 6068K, committed 6656K, reserved 1048576K
}
Event: 48.215 GC heap after
{Heap after GC invocations=42 (full 0):
 garbage-first heap   total 501760K, used 357898K [0x0000000760e00000, 0x0000000800000000)
  region size 2048K, 9 young (18432K), 9 survivors (18432K)
 Metaspace       used 58366K, committed 59584K, reserved 1114112K
  class space    used 6068K, committed 6656K, reserved 1048576K
}
Event: 54.459 GC heap before
{Heap before GC invocations=42 (full 0):
 garbage-first heap   total 501760K, used 433674K [0x0000000760e00000, 0x0000000800000000)
  region size 2048K, 47 young (96256K), 9 survivors (18432K)
 Metaspace       used 60062K, committed 61376K, reserved 1114112K
  class space    used 6230K, committed 6848K, reserved 1048576K
}
Event: 54.485 GC heap after
{Heap after GC invocations=43 (full 0):
 garbage-first heap   total 501760K, used 387072K [0x0000000760e00000, 0x0000000800000000)
  region size 2048K, 6 young (12288K), 6 survivors (12288K)
 Metaspace       used 60062K, committed 61376K, reserved 1114112K
  class space    used 6230K, committed 6848K, reserved 1048576K
}
Event: 57.610 GC heap before
{Heap before GC invocations=44 (full 0):
 garbage-first heap   total 634880K, used 432128K [0x0000000760e00000, 0x0000000800000000)
  region size 2048K, 35 young (71680K), 6 survivors (12288K)
 Metaspace       used 61821K, committed 63168K, reserved 1114112K
  class space    used 6429K, committed 7040K, reserved 1048576K
}
Event: 57.670 GC heap after
{Heap after GC invocations=45 (full 0):
 garbage-first heap   total 634880K, used 375236K [0x0000000760e00000, 0x0000000800000000)
  region size 2048K, 4 young (8192K), 4 survivors (8192K)
 Metaspace       used 61821K, committed 63168K, reserved 1114112K
  class space    used 6429K, committed 7040K, reserved 1048576K
}
Event: 59.046 GC heap before
{Heap before GC invocations=45 (full 0):
 garbage-first heap   total 634880K, used 510404K [0x0000000760e00000, 0x0000000800000000)
  region size 2048K, 71 young (145408K), 4 survivors (8192K)
 Metaspace       used 62179K, committed 63552K, reserved 1114112K
  class space    used 6468K, committed 7104K, reserved 1048576K
}
Event: 59.072 GC heap after
{Heap after GC invocations=46 (full 0):
 garbage-first heap   total 634880K, used 331776K [0x0000000760e00000, 0x0000000800000000)
  region size 2048K, 7 young (14336K), 7 survivors (14336K)
 Metaspace       used 62179K, committed 63552K, reserved 1114112K
  class space    used 6468K, committed 7104K, reserved 1048576K
}
Event: 59.670 GC heap before
{Heap before GC invocations=46 (full 0):
 garbage-first heap   total 634880K, used 499712K [0x0000000760e00000, 0x0000000800000000)
  region size 2048K, 90 young (184320K), 7 survivors (14336K)
 Metaspace       used 62276K, committed 63616K, reserved 1114112K
  class space    used 6480K, committed 7104K, reserved 1048576K
}
Event: 59.712 GC heap after
{Heap after GC invocations=47 (full 0):
 garbage-first heap   total 634880K, used 293124K [0x0000000760e00000, 0x0000000800000000)
  region size 2048K, 4 young (8192K), 4 survivors (8192K)
 Metaspace       used 62276K, committed 63616K, reserved 1114112K
  class space    used 6480K, committed 7104K, reserved 1048576K
}
Event: 63.132 GC heap before
{Heap before GC invocations=47 (full 0):
 garbage-first heap   total 634880K, used 542980K [0x0000000760e00000, 0x0000000800000000)
  region size 2048K, 127 young (260096K), 4 survivors (8192K)
 Metaspace       used 62411K, committed 63808K, reserved 1114112K
  class space    used 6485K, committed 7104K, reserved 1048576K
}

