# JRE version: OpenJDK Runtime Environment Temurin-21.0.6+7 (21.0.6+7) (build 21.0.6+7-LTS)
# Java VM: OpenJDK 64-Bit Server VM Temurin-21.0.6+7 (21.0.6+7-LTS, mixed mode, sharing, tiered, compressed oops, compressed class ptrs, parallel gc, windows-amd64)
GC Precious Log:
 CardTable entry size: 512
 CPUs: 8 total, 8 available
 Memory: 10177M
 Large Page Support: Disabled
 NUMA Support: Disabled
 Compressed Oops: Enabled (32-bit)
 Alignments: Space 512K, Generation 512K, Heap 2M
 Heap Min Capacity: 100M
 Heap Initial Capacity: 100M
 Heap Max Capacity: 1G
 Pre-touch: Disabled
 Parallel Workers: 8
Heap:
 PSYoungGen      total 6144K, used 5695K [0x00000000eab00000, 0x00000000eb200000, 0x0000000100000000)
  eden space 5120K, 99% used [0x00000000eab00000,0x00000000eafffe28,0x00000000eb000000)
  from space 1024K, 56% used [0x00000000eb100000,0x00000000eb190000,0x00000000eb200000)
  to   space 1024K, 63% used [0x00000000eb000000,0x00000000eb0a2c38,0x00000000eb100000)
 ParOldGen       total 673280K, used 672773K [0x00000000c0000000, 0x00000000e9180000, 0x00000000eab00000)
  object space 673280K, 99% used [0x00000000c0000000,0x00000000e9101548,0x00000000e9180000)
 Metaspace       used 71277K, committed 72896K, reserved 1114112K
  class space    used 7011K, committed 7680K, reserved 1048576K
GC Heap History (20 events):
Event: 121.372 GC heap before
{Heap before GC invocations=2367 (full 4):
 PSYoungGen      total 7680K, used 7267K [0x00000000eab00000, 0x00000000eb400000, 0x0000000100000000)
  eden space 6144K, 100% used [0x00000000eab00000,0x00000000eb100000,0x00000000eb100000)
  from space 1536K, 73% used [0x00000000eb100000,0x00000000eb218ea8,0x00000000eb280000)
  to   space 1536K, 0% used [0x00000000eb280000,0x00000000eb280000,0x00000000eb400000)
 ParOldGen       total 664064K, used 663798K [0x00000000c0000000, 0x00000000e8880000, 0x00000000eab00000)
  object space 664064K, 99% used [0x00000000c0000000,0x00000000e883dbe0,0x00000000e8880000)
 Metaspace       used 70859K, committed 72448K, reserved 1114112K
  class space    used 6978K, committed 7616K, reserved 1048576K
}
Event: 121.375 GC heap after
{Heap after GC invocations=2367 (full 4):
 PSYoungGen      total 7168K, used 832K [0x00000000eab00000, 0x00000000eb380000, 0x0000000100000000)
  eden space 6144K, 0% used [0x00000000eab00000,0x00000000eab00000,0x00000000eb100000)
  from space 1024K, 81% used [0x00000000eb280000,0x00000000eb350000,0x00000000eb380000)
  to   space 1024K, 0% used [0x00000000eb180000,0x00000000eb180000,0x00000000eb280000)
 ParOldGen       total 665088K, used 664658K [0x00000000c0000000, 0x00000000e8980000, 0x00000000eab00000)
  object space 665088K, 99% used [0x00000000c0000000,0x00000000e8914800,0x00000000e8980000)
 Metaspace       used 70859K, committed 72448K, reserved 1114112K
  class space    used 6978K, committed 7616K, reserved 1048576K
}
Event: 121.400 GC heap before
{Heap before GC invocations=2368 (full 4):
 PSYoungGen      total 7168K, used 6976K [0x00000000eab00000, 0x00000000eb380000, 0x0000000100000000)
  eden space 6144K, 100% used [0x00000000eab00000,0x00000000eb100000,0x00000000eb100000)
  from space 1024K, 81% used [0x00000000eb280000,0x00000000eb350000,0x00000000eb380000)
  to   space 1024K, 0% used [0x00000000eb180000,0x00000000eb180000,0x00000000eb280000)
 ParOldGen       total 665088K, used 664658K [0x00000000c0000000, 0x00000000e8980000, 0x00000000eab00000)
  object space 665088K, 99% used [0x00000000c0000000,0x00000000e8914800,0x00000000e8980000)
 Metaspace       used 70867K, committed 72448K, reserved 1114112K
  class space    used 6978K, committed 7616K, reserved 1048576K
}
Event: 121.403 GC heap after
{Heap after GC invocations=2368 (full 4):
 PSYoungGen      total 7168K, used 864K [0x00000000eab00000, 0x00000000eb300000, 0x0000000100000000)
  eden space 6144K, 0% used [0x00000000eab00000,0x00000000eab00000,0x00000000eb100000)
  from space 1024K, 84% used [0x00000000eb180000,0x00000000eb258000,0x00000000eb280000)
  to   space 512K, 0% used [0x00000000eb280000,0x00000000eb280000,0x00000000eb300000)
 ParOldGen       total 665600K, used 665370K [0x00000000c0000000, 0x00000000e8a00000, 0x00000000eab00000)
  object space 665600K, 99% used [0x00000000c0000000,0x00000000e89c6800,0x00000000e8a00000)
 Metaspace       used 70867K, committed 72448K, reserved 1114112K
  class space    used 6978K, committed 7616K, reserved 1048576K
}
Event: 121.421 GC heap before
{Heap before GC invocations=2369 (full 4):
 PSYoungGen      total 7168K, used 7008K [0x00000000eab00000, 0x00000000eb300000, 0x0000000100000000)
  eden space 6144K, 100% used [0x00000000eab00000,0x00000000eb100000,0x00000000eb100000)
  from space 1024K, 84% used [0x00000000eb180000,0x00000000eb258000,0x00000000eb280000)
  to   space 512K, 0% used [0x00000000eb280000,0x00000000eb280000,0x00000000eb300000)
 ParOldGen       total 665600K, used 665370K [0x00000000c0000000, 0x00000000e8a00000, 0x00000000eab00000)
  object space 665600K, 99% used [0x00000000c0000000,0x00000000e89c6800,0x00000000e8a00000)
 Metaspace       used 70873K, committed 72448K, reserved 1114112K
  class space    used 6978K, committed 7616K, reserved 1048576K
}
Event: 121.424 GC heap after
{Heap after GC invocations=2369 (full 4):
 PSYoungGen      total 6144K, used 512K [0x00000000eab00000, 0x00000000eb500000, 0x0000000100000000)
  eden space 5632K, 0% used [0x00000000eab00000,0x00000000eab00000,0x00000000eb080000)
  from space 512K, 100% used [0x00000000eb280000,0x00000000eb300000,0x00000000eb300000)
  to   space 2048K, 0% used [0x00000000eb080000,0x00000000eb080000,0x00000000eb280000)
 ParOldGen       total 666624K, used 666378K [0x00000000c0000000, 0x00000000e8b00000, 0x00000000eab00000)
  object space 666624K, 99% used [0x00000000c0000000,0x00000000e8ac2800,0x00000000e8b00000)
 Metaspace       used 70873K, committed 72448K, reserved 1114112K
  class space    used 6978K, committed 7616K, reserved 1048576K
}
Event: 121.438 GC heap before
{Heap before GC invocations=2370 (full 4):
 PSYoungGen      total 6144K, used 6144K [0x00000000eab00000, 0x00000000eb500000, 0x0000000100000000)
  eden space 5632K, 100% used [0x00000000eab00000,0x00000000eb080000,0x00000000eb080000)
  from space 512K, 100% used [0x00000000eb280000,0x00000000eb300000,0x00000000eb300000)
  to   space 2048K, 0% used [0x00000000eb080000,0x00000000eb080000,0x00000000eb280000)
 ParOldGen       total 666624K, used 666378K [0x00000000c0000000, 0x00000000e8b00000, 0x00000000eab00000)
  object space 666624K, 99% used [0x00000000c0000000,0x00000000e8ac2800,0x00000000e8b00000)
 Metaspace       used 70873K, committed 72448K, reserved 1114112K
  class space    used 6978K, committed 7616K, reserved 1048576K
}
Event: 121.441 GC heap after
{Heap after GC invocations=2370 (full 4):
 PSYoungGen      total 6656K, used 960K [0x00000000eab00000, 0x00000000eb380000, 0x0000000100000000)
  eden space 5632K, 0% used [0x00000000eab00000,0x00000000eab00000,0x00000000eb080000)
  from space 1024K, 93% used [0x00000000eb080000,0x00000000eb170000,0x00000000eb180000)
  to   space 1536K, 0% used [0x00000000eb200000,0x00000000eb200000,0x00000000eb380000)
 ParOldGen       total 667136K, used 666908K [0x00000000c0000000, 0x00000000e8b80000, 0x00000000eab00000)
  object space 667136K, 99% used [0x00000000c0000000,0x00000000e8b47228,0x00000000e8b80000)
 Metaspace       used 70873K, committed 72448K, reserved 1114112K
  class space    used 6978K, committed 7616K, reserved 1048576K
}
Event: 121.467 GC heap before
{Heap before GC invocations=2371 (full 4):
 PSYoungGen      total 6656K, used 6592K [0x00000000eab00000, 0x00000000eb380000, 0x0000000100000000)
  eden space 5632K, 100% used [0x00000000eab00000,0x00000000eb080000,0x00000000eb080000)
  from space 1024K, 93% used [0x00000000eb080000,0x00000000eb170000,0x00000000eb180000)
  to   space 1536K, 0% used [0x00000000eb200000,0x00000000eb200000,0x00000000eb380000)
 ParOldGen       total 667136K, used 666908K [0x00000000c0000000, 0x00000000e8b80000, 0x00000000eab00000)
  object space 667136K, 99% used [0x00000000c0000000,0x00000000e8b47228,0x00000000e8b80000)
 Metaspace       used 70873K, committed 72448K, reserved 1114112K
  class space    used 6978K, committed 7616K, reserved 1048576K
}
Event: 121.471 GC heap after
{Heap after GC invocations=2371 (full 4):
 PSYoungGen      total 6656K, used 832K [0x00000000eab00000, 0x00000000eb300000, 0x0000000100000000)
  eden space 5632K, 0% used [0x00000000eab00000,0x00000000eab00000,0x00000000eb080000)
  from space 1024K, 81% used [0x00000000eb200000,0x00000000eb2d0000,0x00000000eb300000)
  to   space 1024K, 0% used [0x00000000eb080000,0x00000000eb080000,0x00000000eb180000)
 ParOldGen       total 668160K, used 667755K [0x00000000c0000000, 0x00000000e8c80000, 0x00000000eab00000)
  object space 668160K, 99% used [0x00000000c0000000,0x00000000e8c1af88,0x00000000e8c80000)
 Metaspace       used 70873K, committed 72448K, reserved 1114112K
  class space    used 6978K, committed 7616K, reserved 1048576K
}
Event: 121.496 GC heap before
{Heap before GC invocations=2372 (full 4):
 PSYoungGen      total 6656K, used 6464K [0x00000000eab00000, 0x00000000eb300000, 0x0000000100000000)
  eden space 5632K, 100% used [0x00000000eab00000,0x00000000eb080000,0x00000000eb080000)
  from space 1024K, 81% used [0x00000000eb200000,0x00000000eb2d0000,0x00000000eb300000)
  to   space 1024K, 0% used [0x00000000eb080000,0x00000000eb080000,0x00000000eb180000)
 ParOldGen       total 668160K, used 667775K [0x00000000c0000000, 0x00000000e8c80000, 0x00000000eab00000)
  object space 668160K, 99% used [0x00000000c0000000,0x00000000e8c1fcb8,0x00000000e8c80000)
 Metaspace       used 70873K, committed 72448K, reserved 1114112K
  class space    used 6978K, committed 7616K, reserved 1048576K
}
Event: 121.500 GC heap after
{Heap after GC invocations=2372 (full 4):
 PSYoungGen      total 6656K, used 800K [0x00000000eab00000, 0x00000000eb280000, 0x0000000100000000)
  eden space 5632K, 0% used [0x00000000eab00000,0x00000000eab00000,0x00000000eb080000)
  from space 1024K, 78% used [0x00000000eb080000,0x00000000eb148000,0x00000000eb180000)
  to   space 1024K, 0% used [0x00000000eb180000,0x00000000eb180000,0x00000000eb280000)
 ParOldGen       total 668672K, used 668487K [0x00000000c0000000, 0x00000000e8d00000, 0x00000000eab00000)
  object space 668672K, 99% used [0x00000000c0000000,0x00000000e8cd1cb8,0x00000000e8d00000)
 Metaspace       used 70873K, committed 72448K, reserved 1114112K
  class space    used 6978K, committed 7616K, reserved 1048576K
}
Event: 121.528 GC heap before
{Heap before GC invocations=2373 (full 4):
 PSYoungGen      total 6656K, used 6432K [0x00000000eab00000, 0x00000000eb280000, 0x0000000100000000)
  eden space 5632K, 100% used [0x00000000eab00000,0x00000000eb080000,0x00000000eb080000)
  from space 1024K, 78% used [0x00000000eb080000,0x00000000eb148000,0x00000000eb180000)
  to   space 1024K, 0% used [0x00000000eb180000,0x00000000eb180000,0x00000000eb280000)
 ParOldGen       total 668672K, used 668489K [0x00000000c0000000, 0x00000000e8d00000, 0x00000000eab00000)
  object space 668672K, 99% used [0x00000000c0000000,0x00000000e8cd2520,0x00000000e8d00000)
 Metaspace       used 70873K, committed 72448K, reserved 1114112K
  class space    used 6978K, committed 7616K, reserved 1048576K
}
Event: 121.532 GC heap after
{Heap after GC invocations=2373 (full 4):
 PSYoungGen      total 6144K, used 992K [0x00000000eab00000, 0x00000000eb380000, 0x0000000100000000)
  eden space 5120K, 0% used [0x00000000eab00000,0x00000000eab00000,0x00000000eb000000)
  from space 1024K, 96% used [0x00000000eb180000,0x00000000eb278000,0x00000000eb280000)
  to   space 1536K, 0% used [0x00000000eb000000,0x00000000eb000000,0x00000000eb180000)
 ParOldGen       total 669184K, used 669173K [0x00000000c0000000, 0x00000000e8d80000, 0x00000000eab00000)
  object space 669184K, 99% used [0x00000000c0000000,0x00000000e8d7d530,0x00000000e8d80000)
 Metaspace       used 70873K, committed 72448K, reserved 1114112K
  class space    used 6978K, committed 7616K, reserved 1048576K
}
Event: 121.549 GC heap before
{Heap before GC invocations=2374 (full 4):
 PSYoungGen      total 6144K, used 6111K [0x00000000eab00000, 0x00000000eb380000, 0x0000000100000000)
  eden space 5120K, 99% used [0x00000000eab00000,0x00000000eaffffe8,0x00000000eb000000)
  from space 1024K, 96% used [0x00000000eb180000,0x00000000eb278000,0x00000000eb280000)
  to   space 1536K, 0% used [0x00000000eb000000,0x00000000eb000000,0x00000000eb180000)
 ParOldGen       total 669184K, used 669173K [0x00000000c0000000, 0x00000000e8d80000, 0x00000000eab00000)
  object space 669184K, 99% used [0x00000000c0000000,0x00000000e8d7d530,0x00000000e8d80000)
 Metaspace       used 70876K, committed 72448K, reserved 1114112K
  class space    used 6978K, committed 7616K, reserved 1048576K
}
Event: 121.552 GC heap after
{Heap after GC invocations=2374 (full 4):
 PSYoungGen      total 6144K, used 848K [0x00000000eab00000, 0x00000000eb200000, 0x0000000100000000)
  eden space 5120K, 0% used [0x00000000eab00000,0x00000000eab00000,0x00000000eb000000)
  from space 1024K, 82% used [0x00000000eb000000,0x00000000eb0d4008,0x00000000eb100000)
  to   space 1024K, 0% used [0x00000000eb100000,0x00000000eb100000,0x00000000eb200000)
 ParOldGen       total 670208K, used 669877K [0x00000000c0000000, 0x00000000e8e80000, 0x00000000eab00000)
  object space 670208K, 99% used [0x00000000c0000000,0x00000000e8e2d530,0x00000000e8e80000)
 Metaspace       used 70876K, committed 72448K, reserved 1114112K
  class space    used 6978K, committed 7616K, reserved 1048576K
}
Event: 121.599 GC heap before
{Heap before GC invocations=2375 (full 4):
 PSYoungGen      total 6144K, used 5968K [0x00000000eab00000, 0x00000000eb200000, 0x0000000100000000)
  eden space 5120K, 100% used [0x00000000eab00000,0x00000000eb000000,0x00000000eb000000)
  from space 1024K, 82% used [0x00000000eb000000,0x00000000eb0d4008,0x00000000eb100000)
  to   space 1024K, 0% used [0x00000000eb100000,0x00000000eb100000,0x00000000eb200000)
 ParOldGen       total 670208K, used 669877K [0x00000000c0000000, 0x00000000e8e80000, 0x00000000eab00000)
  object space 670208K, 99% used [0x00000000c0000000,0x00000000e8e2d530,0x00000000e8e80000)
 Metaspace       used 70876K, committed 72448K, reserved 1114112K
  class space    used 6978K, committed 7616K, reserved 1048576K
}
Event: 121.602 GC heap after
{Heap after GC invocations=2375 (full 4):
 PSYoungGen      total 6144K, used 768K [0x00000000eab00000, 0x00000000eb200000, 0x0000000100000000)
  eden space 5120K, 0% used [0x00000000eab00000,0x00000000eab00000,0x00000000eb000000)
  from space 1024K, 75% used [0x00000000eb100000,0x00000000eb1c0000,0x00000000eb200000)
  to   space 1024K, 0% used [0x00000000eb000000,0x00000000eb000000,0x00000000eb100000)
 ParOldGen       total 670720K, used 670597K [0x00000000c0000000, 0x00000000e8f00000, 0x00000000eab00000)
  object space 670720K, 99% used [0x00000000c0000000,0x00000000e8ee1538,0x00000000e8f00000)
 Metaspace       used 70876K, committed 72448K, reserved 1114112K
  class space    used 6978K, committed 7616K, reserved 1048576K
}
Event: 121.617 GC heap before
{Heap before GC invocations=2376 (full 4):
 PSYoungGen      total 6144K, used 5881K [0x00000000eab00000, 0x00000000eb200000, 0x0000000100000000)
  eden space 5120K, 99% used [0x00000000eab00000,0x00000000eaffe7e8,0x00000000eb000000)
  from space 1024K, 75% used [0x00000000eb100000,0x00000000eb1c0000,0x00000000eb200000)
  to   space 1024K, 0% used [0x00000000eb000000,0x00000000eb000000,0x00000000eb100000)
 ParOldGen       total 670720K, used 670597K [0x00000000c0000000, 0x00000000e8f00000, 0x00000000eab00000)
  object space 670720K, 99% used [0x00000000c0000000,0x00000000e8ee1538,0x00000000e8f00000)
 Metaspace       used 70903K, committed 72448K, reserved 1114112K
  class space    used 6981K, committed 7616K, reserved 1048576K
}
Event: 121.619 GC heap after
{Heap after GC invocations=2376 (full 4):
 PSYoungGen      total 6144K, used 732K [0x00000000eab00000, 0x00000000eb200000, 0x0000000100000000)
  eden space 5120K, 0% used [0x00000000eab00000,0x00000000eab00000,0x00000000eb000000)
  from space 1024K, 71% used [0x00000000eb000000,0x00000000eb0b72b8,0x00000000eb100000)
  to   space 1024K, 0% used [0x00000000eb100000,0x00000000eb100000,0x00000000eb200000)
 ParOldGen       total 671232K, used 671173K [0x00000000c0000000, 0x00000000e8f80000, 0x00000000eab00000)
  object space 671232K, 99% used [0x00000000c0000000,0x00000000e8f71548,0x00000000e8f80000)
 Metaspace       used 70903K, committed 72448K, reserved 1114112K
  class space    used 6981K, committed 7616K, reserved 1048576K
}

