# JRE version: Java(TM) SE Runtime Environment (21.0.6+8) (build 21.0.6+8-LTS-188)
# Java VM: Java HotSpot(TM) 64-Bit Server VM (21.0.6+8-LTS-188, mixed mode, sharing, tiered, compressed oops, compressed class ptrs, g1 gc, windows-amd64)
GC Precious Log:
 CardTable entry size: 512
 Card Set container configuration: InlinePtr #cards 4 size 8 Array Of Cards #cards 16 size 48 Howl #buckets 8 coarsen threshold 3686 Howl Bitmap #cards 512 size 80 coarsen threshold 460 Card regions per heap region 1 cards per card region 4096
 CPUs: 8 total, 8 available
 Memory: 10177M
 Large Page Support: Disabled
 NUMA Support: Disabled
 Compressed Oops: Enabled (Zero based)
 Heap Region Size: 2M
 Heap Min Capacity: 8M
 Heap Initial Capacity: 160M
 Heap Max Capacity: 2546M
 Pre-touch: Disabled
 Parallel Workers: 8
 Concurrent Workers: 2
 Concurrent Refinement Workers: 8
 Periodic GC: Disabled
Heap:
 garbage-first heap   total 256000K, used 162418K [0x0000000760e00000, 0x0000000800000000)
  region size 2048K, 6 young (12288K), 6 survivors (12288K)
 Metaspace       used 63978K, committed 65472K, reserved 1114112K
  class space    used 6510K, committed 7168K, reserved 1048576K
GC Heap History (20 events):
Event: 24.545 GC heap after
{Heap after GC invocations=29 (full 0):
 garbage-first heap   total 172032K, used 85104K [0x0000000760e00000, 0x0000000800000000)
  region size 2048K, 5 young (10240K), 5 survivors (10240K)
 Metaspace       used 62483K, committed 63872K, reserved 1114112K
  class space    used 6396K, committed 7040K, reserved 1048576K
}
Event: 25.147 GC heap before
{Heap before GC invocations=29 (full 0):
 garbage-first heap   total 172032K, used 148592K [0x0000000760e00000, 0x0000000800000000)
  region size 2048K, 36 young (73728K), 5 survivors (10240K)
 Metaspace       used 62606K, committed 64000K, reserved 1114112K
  class space    used 6397K, committed 7040K, reserved 1048576K
}
Event: 25.154 GC heap after
{Heap after GC invocations=30 (full 0):
 garbage-first heap   total 172032K, used 93131K [0x0000000760e00000, 0x0000000800000000)
  region size 2048K, 4 young (8192K), 4 survivors (8192K)
 Metaspace       used 62606K, committed 64000K, reserved 1114112K
  class space    used 6397K, committed 7040K, reserved 1048576K
}
Event: 25.796 GC heap before
{Heap before GC invocations=31 (full 0):
 garbage-first heap   total 172032K, used 150475K [0x0000000760e00000, 0x0000000800000000)
  region size 2048K, 32 young (65536K), 4 survivors (8192K)
 Metaspace       used 62837K, committed 64256K, reserved 1114112K
  class space    used 6408K, committed 7040K, reserved 1048576K
}
Event: 25.805 GC heap after
{Heap after GC invocations=32 (full 0):
 garbage-first heap   total 172032K, used 101978K [0x0000000760e00000, 0x0000000800000000)
  region size 2048K, 4 young (8192K), 4 survivors (8192K)
 Metaspace       used 62837K, committed 64256K, reserved 1114112K
  class space    used 6408K, committed 7040K, reserved 1048576K
}
Event: 26.109 GC heap before
{Heap before GC invocations=32 (full 0):
 garbage-first heap   total 172032K, used 149082K [0x0000000760e00000, 0x0000000800000000)
  region size 2048K, 28 young (57344K), 4 survivors (8192K)
 Metaspace       used 62855K, committed 64256K, reserved 1114112K
  class space    used 6412K, committed 7040K, reserved 1048576K
}
Event: 26.118 GC heap after
{Heap after GC invocations=33 (full 0):
 garbage-first heap   total 172032K, used 106867K [0x0000000760e00000, 0x0000000800000000)
  region size 2048K, 4 young (8192K), 4 survivors (8192K)
 Metaspace       used 62855K, committed 64256K, reserved 1114112K
  class space    used 6412K, committed 7040K, reserved 1048576K
}
Event: 26.534 GC heap before
{Heap before GC invocations=33 (full 0):
 garbage-first heap   total 172032K, used 151923K [0x0000000760e00000, 0x0000000800000000)
  region size 2048K, 26 young (53248K), 4 survivors (8192K)
 Metaspace       used 62907K, committed 64320K, reserved 1114112K
  class space    used 6412K, committed 7040K, reserved 1048576K
}
Event: 26.542 GC heap after
{Heap after GC invocations=34 (full 0):
 garbage-first heap   total 206848K, used 114677K [0x0000000760e00000, 0x0000000800000000)
  region size 2048K, 4 young (8192K), 4 survivors (8192K)
 Metaspace       used 62907K, committed 64320K, reserved 1114112K
  class space    used 6412K, committed 7040K, reserved 1048576K
}
Event: 26.986 GC heap before
{Heap before GC invocations=35 (full 0):
 garbage-first heap   total 208896K, used 180213K [0x0000000760e00000, 0x0000000800000000)
  region size 2048K, 37 young (75776K), 4 survivors (8192K)
 Metaspace       used 63546K, committed 65024K, reserved 1114112K
  class space    used 6477K, committed 7168K, reserved 1048576K
}
Event: 26.997 GC heap after
{Heap after GC invocations=36 (full 0):
 garbage-first heap   total 208896K, used 126075K [0x0000000760e00000, 0x0000000800000000)
  region size 2048K, 5 young (10240K), 5 survivors (10240K)
 Metaspace       used 63546K, committed 65024K, reserved 1114112K
  class space    used 6477K, committed 7168K, reserved 1048576K
}
Event: 27.383 GC heap before
{Heap before GC invocations=36 (full 0):
 garbage-first heap   total 208896K, used 183419K [0x0000000760e00000, 0x0000000800000000)
  region size 2048K, 33 young (67584K), 5 survivors (10240K)
 Metaspace       used 63910K, committed 65408K, reserved 1114112K
  class space    used 6506K, committed 7168K, reserved 1048576K
}
Event: 27.396 GC heap after
{Heap after GC invocations=37 (full 0):
 garbage-first heap   total 208896K, used 130817K [0x0000000760e00000, 0x0000000800000000)
  region size 2048K, 5 young (10240K), 5 survivors (10240K)
 Metaspace       used 63910K, committed 65408K, reserved 1114112K
  class space    used 6506K, committed 7168K, reserved 1048576K
}
Event: 27.662 GC heap before
{Heap before GC invocations=37 (full 0):
 garbage-first heap   total 208896K, used 182017K [0x0000000760e00000, 0x0000000800000000)
  region size 2048K, 31 young (63488K), 5 survivors (10240K)
 Metaspace       used 63918K, committed 65408K, reserved 1114112K
  class space    used 6506K, committed 7168K, reserved 1048576K
}
Event: 27.672 GC heap after
{Heap after GC invocations=38 (full 0):
 garbage-first heap   total 208896K, used 138247K [0x0000000760e00000, 0x0000000800000000)
  region size 2048K, 4 young (8192K), 4 survivors (8192K)
 Metaspace       used 63918K, committed 65408K, reserved 1114112K
  class space    used 6506K, committed 7168K, reserved 1048576K
}
Event: 27.980 GC heap before
{Heap before GC invocations=39 (full 0):
 garbage-first heap   total 256000K, used 187399K [0x0000000760e00000, 0x0000000800000000)
  region size 2048K, 27 young (55296K), 4 survivors (8192K)
 Metaspace       used 63924K, committed 65408K, reserved 1114112K
  class space    used 6507K, committed 7168K, reserved 1048576K
}
Event: 27.990 GC heap after
{Heap after GC invocations=40 (full 0):
 garbage-first heap   total 256000K, used 147505K [0x0000000760e00000, 0x0000000800000000)
  region size 2048K, 4 young (8192K), 4 survivors (8192K)
 Metaspace       used 63924K, committed 65408K, reserved 1114112K
  class space    used 6507K, committed 7168K, reserved 1048576K
}
Event: 28.298 GC heap before
{Heap before GC invocations=40 (full 0):
 garbage-first heap   total 256000K, used 219185K [0x0000000760e00000, 0x0000000800000000)
  region size 2048K, 40 young (81920K), 4 survivors (8192K)
 Metaspace       used 63954K, committed 65408K, reserved 1114112K
  class space    used 6509K, committed 7168K, reserved 1048576K
}
Event: 28.311 GC heap after
{Heap after GC invocations=41 (full 0):
 garbage-first heap   total 256000K, used 151552K [0x0000000760e00000, 0x0000000800000000)
  region size 2048K, 5 young (10240K), 5 survivors (10240K)
 Metaspace       used 63954K, committed 65408K, reserved 1114112K
  class space    used 6509K, committed 7168K, reserved 1048576K
}
Event: 28.704 GC heap before
{Heap before GC invocations=41 (full 0):
 garbage-first heap   total 256000K, used 225280K [0x0000000760e00000, 0x0000000800000000)
  region size 2048K, 41 young (83968K), 5 survivors (10240K)
 Metaspace       used 63978K, committed 65472K, reserved 1114112K
  class space    used 6510K, committed 7168K, reserved 1048576K
}

