# JRE version: Java(TM) SE Runtime Environment (21.0.6+8) (build 21.0.6+8-LTS-188)
# Java VM: Java HotSpot(TM) 64-Bit Server VM (21.0.6+8-LTS-188, mixed mode, sharing, tiered, compressed oops, compressed class ptrs, g1 gc, windows-amd64)
GC Precious Log:
 CardTable entry size: 512
 Card Set container configuration: InlinePtr #cards 4 size 8 Array Of Cards #cards 16 size 48 Howl #buckets 8 coarsen threshold 3686 Howl Bitmap #cards 512 size 80 coarsen threshold 460 Card regions per heap region 1 cards per card region 4096
 CPUs: 8 total, 8 available
 Memory: 10177M
 Large Page Support: Disabled
 NUMA Support: Disabled
 Compressed Oops: Enabled (Zero based)
 Heap Region Size: 2M
 Heap Min Capacity: 8M
 Heap Initial Capacity: 160M
 Heap Max Capacity: 2546M
 Pre-touch: Disabled
 Parallel Workers: 8
 Concurrent Workers: 2
 Concurrent Refinement Workers: 8
 Periodic GC: Disabled
Heap:
 garbage-first heap   total 645120K, used 506217K [0x0000000760e00000, 0x0000000800000000)
  region size 2048K, 125 young (256000K), 14 survivors (28672K)
 Metaspace       used 60252K, committed 61696K, reserved 1114112K
  class space    used 6001K, committed 6656K, reserved 1048576K
GC Heap History (20 events):
Event: 36.106 GC heap before
{Heap before GC invocations=51 (full 0):
 garbage-first heap   total 499712K, used 428734K [0x0000000760e00000, 0x0000000800000000)
  region size 2048K, 82 young (167936K), 7 survivors (14336K)
 Metaspace       used 59081K, committed 60416K, reserved 1114112K
  class space    used 5933K, committed 6528K, reserved 1048576K
}
Event: 36.126 GC heap after
{Heap after GC invocations=52 (full 0):
 garbage-first heap   total 499712K, used 296960K [0x0000000760e00000, 0x0000000800000000)
  region size 2048K, 11 young (22528K), 11 survivors (22528K)
 Metaspace       used 59081K, committed 60416K, reserved 1114112K
  class space    used 5933K, committed 6528K, reserved 1048576K
}
Event: 39.551 GC heap before
{Heap before GC invocations=52 (full 0):
 garbage-first heap   total 499712K, used 434176K [0x0000000760e00000, 0x0000000800000000)
  region size 2048K, 79 young (161792K), 11 survivors (22528K)
 Metaspace       used 59115K, committed 60480K, reserved 1114112K
  class space    used 5934K, committed 6528K, reserved 1048576K
}
Event: 39.572 GC heap after
{Heap after GC invocations=53 (full 0):
 garbage-first heap   total 499712K, used 321536K [0x0000000760e00000, 0x0000000800000000)
  region size 2048K, 10 young (20480K), 10 survivors (20480K)
 Metaspace       used 59115K, committed 60480K, reserved 1114112K
  class space    used 5934K, committed 6528K, reserved 1048576K
}
Event: 41.772 GC heap before
{Heap before GC invocations=54 (full 0):
 garbage-first heap   total 546816K, used 444416K [0x0000000760e00000, 0x0000000800000000)
  region size 2048K, 70 young (143360K), 10 survivors (20480K)
 Metaspace       used 59140K, committed 60480K, reserved 1114112K
  class space    used 5934K, committed 6528K, reserved 1048576K
}
Event: 41.786 GC heap after
{Heap after GC invocations=55 (full 0):
 garbage-first heap   total 546816K, used 343739K [0x0000000760e00000, 0x0000000800000000)
  region size 2048K, 9 young (18432K), 9 survivors (18432K)
 Metaspace       used 59140K, committed 60480K, reserved 1114112K
  class space    used 5934K, committed 6528K, reserved 1048576K
}
Event: 47.685 GC heap before
{Heap before GC invocations=55 (full 0):
 garbage-first heap   total 546816K, used 483003K [0x0000000760e00000, 0x0000000800000000)
  region size 2048K, 77 young (157696K), 9 survivors (18432K)
 Metaspace       used 59197K, committed 60544K, reserved 1114112K
  class space    used 5937K, committed 6528K, reserved 1048576K
}
Event: 47.708 GC heap after
{Heap after GC invocations=56 (full 0):
 garbage-first heap   total 546816K, used 362496K [0x0000000760e00000, 0x0000000800000000)
  region size 2048K, 10 young (20480K), 10 survivors (20480K)
 Metaspace       used 59197K, committed 60544K, reserved 1114112K
  class space    used 5937K, committed 6528K, reserved 1048576K
}
Event: 48.901 GC heap before
{Heap before GC invocations=56 (full 0):
 garbage-first heap   total 546816K, used 489472K [0x0000000760e00000, 0x0000000800000000)
  region size 2048K, 72 young (147456K), 10 survivors (20480K)
 Metaspace       used 59261K, committed 60672K, reserved 1114112K
  class space    used 5938K, committed 6528K, reserved 1048576K
}
Event: 48.912 GC heap after
{Heap after GC invocations=57 (full 0):
 garbage-first heap   total 546816K, used 372136K [0x0000000760e00000, 0x0000000800000000)
  region size 2048K, 6 young (12288K), 6 survivors (12288K)
 Metaspace       used 59261K, committed 60672K, reserved 1114112K
  class space    used 5938K, committed 6528K, reserved 1048576K
}
Event: 50.075 GC heap before
{Heap before GC invocations=58 (full 0):
 garbage-first heap   total 645120K, used 482728K [0x0000000760e00000, 0x0000000800000000)
  region size 2048K, 67 young (137216K), 6 survivors (12288K)
 Metaspace       used 59323K, committed 60672K, reserved 1114112K
  class space    used 5939K, committed 6528K, reserved 1048576K
}
Event: 50.080 GC heap after
{Heap after GC invocations=59 (full 0):
 garbage-first heap   total 645120K, used 355328K [0x0000000760e00000, 0x0000000800000000)
  region size 2048K, 3 young (6144K), 3 survivors (6144K)
 Metaspace       used 59323K, committed 60672K, reserved 1114112K
  class space    used 5939K, committed 6528K, reserved 1048576K
}
Event: 51.399 GC heap before
{Heap before GC invocations=59 (full 0):
 garbage-first heap   total 645120K, used 574464K [0x0000000760e00000, 0x0000000800000000)
  region size 2048K, 111 young (227328K), 3 survivors (6144K)
 Metaspace       used 59432K, committed 60864K, reserved 1114112K
  class space    used 5947K, committed 6592K, reserved 1048576K
}
Event: 51.412 GC heap after
{Heap after GC invocations=60 (full 0):
 garbage-first heap   total 645120K, used 310525K [0x0000000760e00000, 0x0000000800000000)
  region size 2048K, 9 young (18432K), 9 survivors (18432K)
 Metaspace       used 59432K, committed 60864K, reserved 1114112K
  class space    used 5947K, committed 6592K, reserved 1048576K
}
Event: 55.607 GC heap before
{Heap before GC invocations=60 (full 0):
 garbage-first heap   total 645120K, used 587005K [0x0000000760e00000, 0x0000000800000000)
  region size 2048K, 145 young (296960K), 9 survivors (18432K)
 Metaspace       used 59977K, committed 61376K, reserved 1114112K
  class space    used 5992K, committed 6592K, reserved 1048576K
}
Event: 55.639 GC heap after
{Heap after GC invocations=61 (full 0):
 garbage-first heap   total 645120K, used 279910K [0x0000000760e00000, 0x0000000800000000)
  region size 2048K, 12 young (24576K), 12 survivors (24576K)
 Metaspace       used 59977K, committed 61376K, reserved 1114112K
  class space    used 5992K, committed 6592K, reserved 1048576K
}
Event: 58.848 GC heap before
{Heap before GC invocations=61 (full 0):
 garbage-first heap   total 645120K, used 580966K [0x0000000760e00000, 0x0000000800000000)
  region size 2048K, 160 young (327680K), 12 survivors (24576K)
 Metaspace       used 60114K, committed 61504K, reserved 1114112K
  class space    used 5999K, committed 6592K, reserved 1048576K
}
Event: 58.873 GC heap after
{Heap after GC invocations=62 (full 0):
 garbage-first heap   total 645120K, used 277522K [0x0000000760e00000, 0x0000000800000000)
  region size 2048K, 16 young (32768K), 16 survivors (32768K)
 Metaspace       used 60114K, committed 61504K, reserved 1114112K
  class space    used 5999K, committed 6592K, reserved 1048576K
}
Event: 60.910 GC heap before
{Heap before GC invocations=62 (full 0):
 garbage-first heap   total 645120K, used 576530K [0x0000000760e00000, 0x0000000800000000)
  region size 2048K, 162 young (331776K), 16 survivors (32768K)
 Metaspace       used 60371K, committed 61824K, reserved 1114112K
  class space    used 6010K, committed 6656K, reserved 1048576K
}
Event: 60.952 GC heap after
{Heap after GC invocations=63 (full 0):
 garbage-first heap   total 645120K, used 282985K [0x0000000760e00000, 0x0000000800000000)
  region size 2048K, 14 young (28672K), 14 survivors (28672K)
 Metaspace       used 60371K, committed 61824K, reserved 1114112K
  class space    used 6010K, committed 6656K, reserved 1048576K
}

