# JRE version: Java(TM) SE Runtime Environment (21.0.6+8) (build 21.0.6+8-LTS-188)
# Java VM: Java HotSpot(TM) 64-Bit Server VM (21.0.6+8-LTS-188, mixed mode, sharing, tiered, compressed oops, compressed class ptrs, g1 gc, windows-amd64)
GC Precious Log:
 CardTable entry size: 512
 Card Set container configuration: InlinePtr #cards 4 size 8 Array Of Cards #cards 16 size 48 Howl #buckets 8 coarsen threshold 3686 Howl Bitmap #cards 512 size 80 coarsen threshold 460 Card regions per heap region 1 cards per card region 4096
 CPUs: 8 total, 8 available
 Memory: 10177M
 Large Page Support: Disabled
 NUMA Support: Disabled
 Compressed Oops: Enabled (Zero based)
 Heap Region Size: 2M
 Heap Min Capacity: 8M
 Heap Initial Capacity: 160M
 Heap Max Capacity: 2546M
 Pre-touch: Disabled
 Parallel Workers: 8
 Concurrent Workers: 2
 Concurrent Refinement Workers: 8
 Periodic GC: Disabled
Heap:
 garbage-first heap   total 73728K, used 19115K [0x0000000760e00000, 0x0000000800000000)
  region size 2048K, 3 young (6144K), 2 survivors (4096K)
 Metaspace       used 35864K, committed 36992K, reserved 1114112K
  class space    used 3623K, committed 4096K, reserved 1048576K
GC Heap History (12 events):
Event: 1.879 GC heap before
{Heap before GC invocations=0 (full 0):
 garbage-first heap   total 163840K, used 22528K [0x0000000760e00000, 0x0000000800000000)
  region size 2048K, 11 young (22528K), 0 survivors (0K)
 Metaspace       used 6324K, committed 6528K, reserved 1114112K
  class space    used 592K, committed 704K, reserved 1048576K
}
Event: 1.903 GC heap after
{Heap after GC invocations=1 (full 0):
 garbage-first heap   total 163840K, used 4800K [0x0000000760e00000, 0x0000000800000000)
  region size 2048K, 2 young (4096K), 2 survivors (4096K)
 Metaspace       used 6324K, committed 6528K, reserved 1114112K
  class space    used 592K, committed 704K, reserved 1048576K
}
Event: 4.581 GC heap before
{Heap before GC invocations=1 (full 0):
 garbage-first heap   total 163840K, used 33472K [0x0000000760e00000, 0x0000000800000000)
  region size 2048K, 16 young (32768K), 2 survivors (4096K)
 Metaspace       used 10184K, committed 10496K, reserved 1114112K
  class space    used 1013K, committed 1152K, reserved 1048576K
}
Event: 4.591 GC heap after
{Heap after GC invocations=2 (full 0):
 garbage-first heap   total 163840K, used 9868K [0x0000000760e00000, 0x0000000800000000)
  region size 2048K, 2 young (4096K), 2 survivors (4096K)
 Metaspace       used 10184K, committed 10496K, reserved 1114112K
  class space    used 1013K, committed 1152K, reserved 1048576K
}
Event: 11.278 GC heap before
{Heap before GC invocations=2 (full 0):
 garbage-first heap   total 163840K, used 61068K [0x0000000760e00000, 0x0000000800000000)
  region size 2048K, 29 young (59392K), 2 survivors (4096K)
 Metaspace       used 20675K, committed 21504K, reserved 1114112K
  class space    used 2074K, committed 2432K, reserved 1048576K
}
Event: 11.286 GC heap after
{Heap after GC invocations=3 (full 0):
 garbage-first heap   total 163840K, used 13298K [0x0000000760e00000, 0x0000000800000000)
  region size 2048K, 4 young (8192K), 4 survivors (8192K)
 Metaspace       used 20675K, committed 21504K, reserved 1114112K
  class space    used 2074K, committed 2432K, reserved 1048576K
}
Event: 16.353 GC heap before
{Heap before GC invocations=4 (full 0):
 garbage-first heap   total 61440K, used 58354K [0x0000000760e00000, 0x0000000800000000)
  region size 2048K, 27 young (55296K), 4 survivors (8192K)
 Metaspace       used 30451K, committed 31424K, reserved 1114112K
  class space    used 2981K, committed 3392K, reserved 1048576K
}
Event: 16.362 GC heap after
{Heap after GC invocations=5 (full 0):
 garbage-first heap   total 73728K, used 17344K [0x0000000760e00000, 0x0000000800000000)
  region size 2048K, 5 young (10240K), 5 survivors (10240K)
 Metaspace       used 30451K, committed 31424K, reserved 1114112K
  class space    used 2981K, committed 3392K, reserved 1048576K
}
Event: 17.531 GC heap before
{Heap before GC invocations=5 (full 0):
 garbage-first heap   total 73728K, used 46016K [0x0000000760e00000, 0x0000000800000000)
  region size 2048K, 20 young (40960K), 5 survivors (10240K)
 Metaspace       used 35387K, committed 36416K, reserved 1114112K
  class space    used 3566K, committed 4032K, reserved 1048576K
}
Event: 17.538 GC heap after
{Heap after GC invocations=6 (full 0):
 garbage-first heap   total 73728K, used 19342K [0x0000000760e00000, 0x0000000800000000)
  region size 2048K, 2 young (4096K), 2 survivors (4096K)
 Metaspace       used 35387K, committed 36416K, reserved 1114112K
  class space    used 3566K, committed 4032K, reserved 1048576K
}
Event: 17.610 GC heap before
{Heap before GC invocations=6 (full 0):
 garbage-first heap   total 73728K, used 19342K [0x0000000760e00000, 0x0000000800000000)
  region size 2048K, 3 young (6144K), 2 survivors (4096K)
 Metaspace       used 35642K, committed 36736K, reserved 1114112K
  class space    used 3598K, committed 4032K, reserved 1048576K
}
Event: 17.613 GC heap after
{Heap after GC invocations=7 (full 0):
 garbage-first heap   total 73728K, used 19115K [0x0000000760e00000, 0x0000000800000000)
  region size 2048K, 2 young (4096K), 2 survivors (4096K)
 Metaspace       used 35642K, committed 36736K, reserved 1114112K
  class space    used 3598K, committed 4032K, reserved 1048576K
}

