# JRE version: OpenJDK Runtime Environment Temurin-21.0.7+6 (21.0.7+6) (build 21.0.7+6-LTS)
# Java VM: OpenJDK 64-Bit Server VM Temurin-21.0.7+6 (21.0.7+6-LTS, mixed mode, sharing, tiered, compressed oops, compressed class ptrs, parallel gc, windows-amd64)
GC Precious Log:
 CardTable entry size: 512
 CPUs: 8 total, 8 available
 Memory: 10177M
 Large Page Support: Disabled
 NUMA Support: Disabled
 Compressed Oops: Enabled (32-bit)
 Alignments: Space 512K, Generation 512K, Heap 2M
 Heap Min Capacity: 100M
 Heap Initial Capacity: 100M
 Heap Max Capacity: 1G
 Pre-touch: Disabled
 Parallel Workers: 8
Heap:
 PSYoungGen      total 34304K, used 14803K [0x00000000eab00000, 0x00000000ee180000, 0x0000000100000000)
  eden space 28672K, 46% used [0x00000000eab00000,0x00000000eb8260d8,0x00000000ec700000)
  from space 5632K, 23% used [0x00000000ed680000,0x00000000ed7cec08,0x00000000edc00000)
  to   space 3072K, 0% used [0x00000000ede80000,0x00000000ede80000,0x00000000ee180000)
 ParOldGen       total 381440K, used 381169K [0x00000000c0000000, 0x00000000d7480000, 0x00000000eab00000)
  object space 381440K, 99% used [0x00000000c0000000,0x00000000d743c7d0,0x00000000d7480000)
 Metaspace       used 53732K, committed 55040K, reserved 1114112K
  class space    used 5700K, committed 6272K, reserved 1048576K
GC Heap History (20 events):
Event: 40.830 GC heap before
{Heap before GC invocations=98 (full 2):
 PSYoungGen      total 36864K, used 36862K [0x00000000eab00000, 0x00000000eeb80000, 0x0000000100000000)
  eden space 33792K, 100% used [0x00000000eab00000,0x00000000ecc00000,0x00000000ecc00000)
  from space 3072K, 99% used [0x00000000ee780000,0x00000000eea7f870,0x00000000eea80000)
  to   space 1024K, 0% used [0x00000000eea80000,0x00000000eea80000,0x00000000eeb80000)
 ParOldGen       total 358912K, used 358451K [0x00000000c0000000, 0x00000000d5e80000, 0x00000000eab00000)
  object space 358912K, 99% used [0x00000000c0000000,0x00000000d5e0ce78,0x00000000d5e80000)
 Metaspace       used 53666K, committed 55040K, reserved 1114112K
  class space    used 5698K, committed 6272K, reserved 1048576K
}
Event: 40.844 GC heap after
{Heap after GC invocations=98 (full 2):
 PSYoungGen      total 34304K, used 1016K [0x00000000eab00000, 0x00000000eeb80000, 0x0000000100000000)
  eden space 33280K, 0% used [0x00000000eab00000,0x00000000eab00000,0x00000000ecb80000)
  from space 1024K, 99% used [0x00000000eea80000,0x00000000eeb7e008,0x00000000eeb80000)
  to   space 7168K, 0% used [0x00000000edd80000,0x00000000edd80000,0x00000000ee480000)
 ParOldGen       total 364544K, used 364208K [0x00000000c0000000, 0x00000000d6400000, 0x00000000eab00000)
  object space 364544K, 99% used [0x00000000c0000000,0x00000000d63ac028,0x00000000d6400000)
 Metaspace       used 53666K, committed 55040K, reserved 1114112K
  class space    used 5698K, committed 6272K, reserved 1048576K
}
Event: 41.630 GC heap before
{Heap before GC invocations=99 (full 2):
 PSYoungGen      total 34304K, used 34296K [0x00000000eab00000, 0x00000000eeb80000, 0x0000000100000000)
  eden space 33280K, 100% used [0x00000000eab00000,0x00000000ecb80000,0x00000000ecb80000)
  from space 1024K, 99% used [0x00000000eea80000,0x00000000eeb7e008,0x00000000eeb80000)
  to   space 7168K, 0% used [0x00000000edd80000,0x00000000edd80000,0x00000000ee480000)
 ParOldGen       total 364544K, used 364208K [0x00000000c0000000, 0x00000000d6400000, 0x00000000eab00000)
  object space 364544K, 99% used [0x00000000c0000000,0x00000000d63ac028,0x00000000d6400000)
 Metaspace       used 53666K, committed 55040K, reserved 1114112K
  class space    used 5698K, committed 6272K, reserved 1048576K
}
Event: 41.634 GC heap after
{Heap after GC invocations=99 (full 2):
 PSYoungGen      total 39936K, used 3057K [0x00000000eab00000, 0x00000000eeb00000, 0x0000000100000000)
  eden space 32768K, 0% used [0x00000000eab00000,0x00000000eab00000,0x00000000ecb00000)
  from space 7168K, 42% used [0x00000000edd80000,0x00000000ee07c7f0,0x00000000ee480000)
  to   space 4608K, 0% used [0x00000000ee680000,0x00000000ee680000,0x00000000eeb00000)
 ParOldGen       total 365056K, used 364931K [0x00000000c0000000, 0x00000000d6480000, 0x00000000eab00000)
  object space 365056K, 99% used [0x00000000c0000000,0x00000000d6460c40,0x00000000d6480000)
 Metaspace       used 53666K, committed 55040K, reserved 1114112K
  class space    used 5698K, committed 6272K, reserved 1048576K
}
Event: 41.891 GC heap before
{Heap before GC invocations=100 (full 2):
 PSYoungGen      total 39936K, used 35825K [0x00000000eab00000, 0x00000000eeb00000, 0x0000000100000000)
  eden space 32768K, 100% used [0x00000000eab00000,0x00000000ecb00000,0x00000000ecb00000)
  from space 7168K, 42% used [0x00000000edd80000,0x00000000ee07c7f0,0x00000000ee480000)
  to   space 4608K, 0% used [0x00000000ee680000,0x00000000ee680000,0x00000000eeb00000)
 ParOldGen       total 365056K, used 364931K [0x00000000c0000000, 0x00000000d6480000, 0x00000000eab00000)
  object space 365056K, 99% used [0x00000000c0000000,0x00000000d6460c40,0x00000000d6480000)
 Metaspace       used 53669K, committed 55040K, reserved 1114112K
  class space    used 5699K, committed 6272K, reserved 1048576K
}
Event: 41.896 GC heap after
{Heap after GC invocations=100 (full 2):
 PSYoungGen      total 35328K, used 2972K [0x00000000eab00000, 0x00000000ee980000, 0x0000000100000000)
  eden space 32256K, 0% used [0x00000000eab00000,0x00000000eab00000,0x00000000eca80000)
  from space 3072K, 96% used [0x00000000ee680000,0x00000000ee967018,0x00000000ee980000)
  to   space 3584K, 0% used [0x00000000ee280000,0x00000000ee280000,0x00000000ee600000)
 ParOldGen       total 366080K, used 365715K [0x00000000c0000000, 0x00000000d6580000, 0x00000000eab00000)
  object space 366080K, 99% used [0x00000000c0000000,0x00000000d6524c40,0x00000000d6580000)
 Metaspace       used 53669K, committed 55040K, reserved 1114112K
  class space    used 5699K, committed 6272K, reserved 1048576K
}
Event: 42.509 GC heap before
{Heap before GC invocations=101 (full 2):
 PSYoungGen      total 35328K, used 35228K [0x00000000eab00000, 0x00000000ee980000, 0x0000000100000000)
  eden space 32256K, 100% used [0x00000000eab00000,0x00000000eca80000,0x00000000eca80000)
  from space 3072K, 96% used [0x00000000ee680000,0x00000000ee967018,0x00000000ee980000)
  to   space 3584K, 0% used [0x00000000ee280000,0x00000000ee280000,0x00000000ee600000)
 ParOldGen       total 366080K, used 365715K [0x00000000c0000000, 0x00000000d6580000, 0x00000000eab00000)
  object space 366080K, 99% used [0x00000000c0000000,0x00000000d6524c40,0x00000000d6580000)
 Metaspace       used 53673K, committed 55040K, reserved 1114112K
  class space    used 5699K, committed 6272K, reserved 1048576K
}
Event: 42.512 GC heap after
{Heap after GC invocations=101 (full 2):
 PSYoungGen      total 34304K, used 2488K [0x00000000eab00000, 0x00000000ee700000, 0x0000000100000000)
  eden space 31744K, 0% used [0x00000000eab00000,0x00000000eab00000,0x00000000eca00000)
  from space 2560K, 97% used [0x00000000ee280000,0x00000000ee4ee130,0x00000000ee500000)
  to   space 2048K, 0% used [0x00000000ee500000,0x00000000ee500000,0x00000000ee700000)
 ParOldGen       total 366080K, used 365987K [0x00000000c0000000, 0x00000000d6580000, 0x00000000eab00000)
  object space 366080K, 99% used [0x00000000c0000000,0x00000000d6568c50,0x00000000d6580000)
 Metaspace       used 53673K, committed 55040K, reserved 1114112K
  class space    used 5699K, committed 6272K, reserved 1048576K
}
Event: 42.846 GC heap before
{Heap before GC invocations=102 (full 2):
 PSYoungGen      total 34304K, used 34232K [0x00000000eab00000, 0x00000000ee700000, 0x0000000100000000)
  eden space 31744K, 100% used [0x00000000eab00000,0x00000000eca00000,0x00000000eca00000)
  from space 2560K, 97% used [0x00000000ee280000,0x00000000ee4ee130,0x00000000ee500000)
  to   space 2048K, 0% used [0x00000000ee500000,0x00000000ee500000,0x00000000ee700000)
 ParOldGen       total 366080K, used 365987K [0x00000000c0000000, 0x00000000d6580000, 0x00000000eab00000)
  object space 366080K, 99% used [0x00000000c0000000,0x00000000d6568c50,0x00000000d6580000)
 Metaspace       used 53708K, committed 55040K, reserved 1114112K
  class space    used 5699K, committed 6272K, reserved 1048576K
}
Event: 42.904 GC heap after
{Heap after GC invocations=102 (full 2):
 PSYoungGen      total 33280K, used 2028K [0x00000000eab00000, 0x00000000ee700000, 0x0000000100000000)
  eden space 31232K, 0% used [0x00000000eab00000,0x00000000eab00000,0x00000000ec980000)
  from space 2048K, 99% used [0x00000000ee500000,0x00000000ee6fb008,0x00000000ee700000)
  to   space 6656K, 0% used [0x00000000eda00000,0x00000000eda00000,0x00000000ee080000)
 ParOldGen       total 369664K, used 369591K [0x00000000c0000000, 0x00000000d6900000, 0x00000000eab00000)
  object space 369664K, 99% used [0x00000000c0000000,0x00000000d68edc68,0x00000000d6900000)
 Metaspace       used 53708K, committed 55040K, reserved 1114112K
  class space    used 5699K, committed 6272K, reserved 1048576K
}
Event: 44.088 GC heap before
{Heap before GC invocations=103 (full 2):
 PSYoungGen      total 33280K, used 33260K [0x00000000eab00000, 0x00000000ee700000, 0x0000000100000000)
  eden space 31232K, 100% used [0x00000000eab00000,0x00000000ec980000,0x00000000ec980000)
  from space 2048K, 99% used [0x00000000ee500000,0x00000000ee6fb008,0x00000000ee700000)
  to   space 6656K, 0% used [0x00000000eda00000,0x00000000eda00000,0x00000000ee080000)
 ParOldGen       total 369664K, used 369591K [0x00000000c0000000, 0x00000000d6900000, 0x00000000eab00000)
  object space 369664K, 99% used [0x00000000c0000000,0x00000000d68edc68,0x00000000d6900000)
 Metaspace       used 53710K, committed 55040K, reserved 1114112K
  class space    used 5699K, committed 6272K, reserved 1048576K
}
Event: 44.104 GC heap after
{Heap after GC invocations=103 (full 2):
 PSYoungGen      total 37376K, used 3563K [0x00000000eab00000, 0x00000000ee580000, 0x0000000100000000)
  eden space 30720K, 0% used [0x00000000eab00000,0x00000000eab00000,0x00000000ec900000)
  from space 6656K, 53% used [0x00000000eda00000,0x00000000edd7ad48,0x00000000ee080000)
  to   space 4608K, 0% used [0x00000000ee100000,0x00000000ee100000,0x00000000ee580000)
 ParOldGen       total 371200K, used 371183K [0x00000000c0000000, 0x00000000d6a80000, 0x00000000eab00000)
  object space 371200K, 99% used [0x00000000c0000000,0x00000000d6a7bc68,0x00000000d6a80000)
 Metaspace       used 53710K, committed 55040K, reserved 1114112K
  class space    used 5699K, committed 6272K, reserved 1048576K
}
Event: 45.138 GC heap before
{Heap before GC invocations=104 (full 2):
 PSYoungGen      total 37376K, used 34283K [0x00000000eab00000, 0x00000000ee580000, 0x0000000100000000)
  eden space 30720K, 100% used [0x00000000eab00000,0x00000000ec900000,0x00000000ec900000)
  from space 6656K, 53% used [0x00000000eda00000,0x00000000edd7ad48,0x00000000ee080000)
  to   space 4608K, 0% used [0x00000000ee100000,0x00000000ee100000,0x00000000ee580000)
 ParOldGen       total 371200K, used 371183K [0x00000000c0000000, 0x00000000d6a80000, 0x00000000eab00000)
  object space 371200K, 99% used [0x00000000c0000000,0x00000000d6a7bc68,0x00000000d6a80000)
 Metaspace       used 53713K, committed 55040K, reserved 1114112K
  class space    used 5699K, committed 6272K, reserved 1048576K
}
Event: 45.142 GC heap after
{Heap after GC invocations=104 (full 2):
 PSYoungGen      total 34304K, used 3604K [0x00000000eab00000, 0x00000000ee500000, 0x0000000100000000)
  eden space 30208K, 0% used [0x00000000eab00000,0x00000000eab00000,0x00000000ec880000)
  from space 4096K, 88% used [0x00000000ee100000,0x00000000ee485210,0x00000000ee500000)
  to   space 4096K, 0% used [0x00000000edd00000,0x00000000edd00000,0x00000000ee100000)
 ParOldGen       total 373248K, used 372964K [0x00000000c0000000, 0x00000000d6c80000, 0x00000000eab00000)
  object space 373248K, 99% used [0x00000000c0000000,0x00000000d6c39280,0x00000000d6c80000)
 Metaspace       used 53713K, committed 55040K, reserved 1114112K
  class space    used 5699K, committed 6272K, reserved 1048576K
}
Event: 45.742 GC heap before
{Heap before GC invocations=105 (full 2):
 PSYoungGen      total 34304K, used 33812K [0x00000000eab00000, 0x00000000ee500000, 0x0000000100000000)
  eden space 30208K, 100% used [0x00000000eab00000,0x00000000ec880000,0x00000000ec880000)
  from space 4096K, 88% used [0x00000000ee100000,0x00000000ee485210,0x00000000ee500000)
  to   space 4096K, 0% used [0x00000000edd00000,0x00000000edd00000,0x00000000ee100000)
 ParOldGen       total 373248K, used 372964K [0x00000000c0000000, 0x00000000d6c80000, 0x00000000eab00000)
  object space 373248K, 99% used [0x00000000c0000000,0x00000000d6c39280,0x00000000d6c80000)
 Metaspace       used 53714K, committed 55040K, reserved 1114112K
  class space    used 5699K, committed 6272K, reserved 1048576K
}
Event: 45.750 GC heap after
{Heap after GC invocations=105 (full 2):
 PSYoungGen      total 33792K, used 3960K [0x00000000eab00000, 0x00000000ee180000, 0x0000000100000000)
  eden space 29696K, 0% used [0x00000000eab00000,0x00000000eab00000,0x00000000ec800000)
  from space 4096K, 96% used [0x00000000edd00000,0x00000000ee0de008,0x00000000ee100000)
  to   space 512K, 0% used [0x00000000ee100000,0x00000000ee100000,0x00000000ee180000)
 ParOldGen       total 376320K, used 376115K [0x00000000c0000000, 0x00000000d6f80000, 0x00000000eab00000)
  object space 376320K, 99% used [0x00000000c0000000,0x00000000d6f4ccc0,0x00000000d6f80000)
 Metaspace       used 53714K, committed 55040K, reserved 1114112K
  class space    used 5699K, committed 6272K, reserved 1048576K
}
Event: 47.682 GC heap before
{Heap before GC invocations=106 (full 2):
 PSYoungGen      total 33792K, used 33656K [0x00000000eab00000, 0x00000000ee180000, 0x0000000100000000)
  eden space 29696K, 100% used [0x00000000eab00000,0x00000000ec800000,0x00000000ec800000)
  from space 4096K, 96% used [0x00000000edd00000,0x00000000ee0de008,0x00000000ee100000)
  to   space 512K, 0% used [0x00000000ee100000,0x00000000ee100000,0x00000000ee180000)
 ParOldGen       total 376320K, used 376115K [0x00000000c0000000, 0x00000000d6f80000, 0x00000000eab00000)
  object space 376320K, 99% used [0x00000000c0000000,0x00000000d6f4ccc0,0x00000000d6f80000)
 Metaspace       used 53721K, committed 55040K, reserved 1114112K
  class space    used 5699K, committed 6272K, reserved 1048576K
}
Event: 47.699 GC heap after
{Heap after GC invocations=106 (full 2):
 PSYoungGen      total 29696K, used 488K [0x00000000eab00000, 0x00000000ee180000, 0x0000000100000000)
  eden space 29184K, 0% used [0x00000000eab00000,0x00000000eab00000,0x00000000ec780000)
  from space 512K, 95% used [0x00000000ee100000,0x00000000ee17a130,0x00000000ee180000)
  to   space 5632K, 0% used [0x00000000ed680000,0x00000000ed680000,0x00000000edc00000)
 ParOldGen       total 381440K, used 380977K [0x00000000c0000000, 0x00000000d7480000, 0x00000000eab00000)
  object space 381440K, 99% used [0x00000000c0000000,0x00000000d740c7d0,0x00000000d7480000)
 Metaspace       used 53721K, committed 55040K, reserved 1114112K
  class space    used 5699K, committed 6272K, reserved 1048576K
}
Event: 51.824 GC heap before
{Heap before GC invocations=107 (full 2):
 PSYoungGen      total 29696K, used 29672K [0x00000000eab00000, 0x00000000ee180000, 0x0000000100000000)
  eden space 29184K, 100% used [0x00000000eab00000,0x00000000ec780000,0x00000000ec780000)
  from space 512K, 95% used [0x00000000ee100000,0x00000000ee17a130,0x00000000ee180000)
  to   space 5632K, 0% used [0x00000000ed680000,0x00000000ed680000,0x00000000edc00000)
 ParOldGen       total 381440K, used 380977K [0x00000000c0000000, 0x00000000d7480000, 0x00000000eab00000)
  object space 381440K, 99% used [0x00000000c0000000,0x00000000d740c7d0,0x00000000d7480000)
 Metaspace       used 53732K, committed 55040K, reserved 1114112K
  class space    used 5700K, committed 6272K, reserved 1048576K
}
Event: 51.827 GC heap after
{Heap after GC invocations=107 (full 2):
 PSYoungGen      total 34304K, used 1339K [0x00000000eab00000, 0x00000000ee180000, 0x0000000100000000)
  eden space 28672K, 0% used [0x00000000eab00000,0x00000000eab00000,0x00000000ec700000)
  from space 5632K, 23% used [0x00000000ed680000,0x00000000ed7cec08,0x00000000edc00000)
  to   space 3072K, 0% used [0x00000000ede80000,0x00000000ede80000,0x00000000ee180000)
 ParOldGen       total 381440K, used 381169K [0x00000000c0000000, 0x00000000d7480000, 0x00000000eab00000)
  object space 381440K, 99% used [0x00000000c0000000,0x00000000d743c7d0,0x00000000d7480000)
 Metaspace       used 53732K, committed 55040K, reserved 1114112K
  class space    used 5700K, committed 6272K, reserved 1048576K
}

