# JRE version: Java(TM) SE Runtime Environment (21.0.6+8) (build 21.0.6+8-LTS-188)
# Java VM: Java HotSpot(TM) 64-Bit Server VM (21.0.6+8-LTS-188, mixed mode, sharing, tiered, compressed oops, compressed class ptrs, g1 gc, windows-amd64)
GC Precious Log:
 CardTable entry size: 512
 Card Set container configuration: InlinePtr #cards 4 size 8 Array Of Cards #cards 16 size 48 Howl #buckets 8 coarsen threshold 3686 Howl Bitmap #cards 512 size 80 coarsen threshold 460 Card regions per heap region 1 cards per card region 4096
 CPUs: 8 total, 8 available
 Memory: 10177M
 Large Page Support: Disabled
 NUMA Support: Disabled
 Compressed Oops: Enabled (Zero based)
 Heap Region Size: 2M
 Heap Min Capacity: 8M
 Heap Initial Capacity: 160M
 Heap Max Capacity: 2546M
 Pre-touch: Disabled
 Parallel Workers: 8
 Concurrent Workers: 2
 Concurrent Refinement Workers: 8
 Periodic GC: Disabled
Heap:
 garbage-first heap   total 141312K, used 90316K [0x0000000760e00000, 0x0000000800000000)
  region size 2048K, 2 young (4096K), 1 survivors (2048K)
 Metaspace       used 31443K, committed 32768K, reserved 1114112K
  class space    used 3515K, committed 3904K, reserved 1048576K
GC Heap History (20 events):
Event: 2.189 GC heap before
{Heap before GC invocations=0 (full 0):
 garbage-first heap   total 163840K, used 22528K [0x0000000760e00000, 0x0000000800000000)
  region size 2048K, 11 young (22528K), 0 survivors (0K)
 Metaspace       used 5651K, committed 5824K, reserved 1114112K
  class space    used 652K, committed 768K, reserved 1048576K
}
Event: 2.200 GC heap after
{Heap after GC invocations=1 (full 0):
 garbage-first heap   total 163840K, used 4026K [0x0000000760e00000, 0x0000000800000000)
  region size 2048K, 2 young (4096K), 2 survivors (4096K)
 Metaspace       used 5651K, committed 5824K, reserved 1114112K
  class space    used 652K, committed 768K, reserved 1048576K
}
Event: 3.618 GC heap before
{Heap before GC invocations=1 (full 0):
 garbage-first heap   total 163840K, used 34746K [0x0000000760e00000, 0x0000000800000000)
  region size 2048K, 17 young (34816K), 2 survivors (4096K)
 Metaspace       used 9702K, committed 9856K, reserved 1114112K
  class space    used 1141K, committed 1216K, reserved 1048576K
}
Event: 3.630 GC heap after
{Heap after GC invocations=2 (full 0):
 garbage-first heap   total 163840K, used 5366K [0x0000000760e00000, 0x0000000800000000)
  region size 2048K, 1 young (2048K), 1 survivors (2048K)
 Metaspace       used 9702K, committed 9856K, reserved 1114112K
  class space    used 1141K, committed 1216K, reserved 1048576K
}
Event: 6.519 GC heap before
{Heap before GC invocations=2 (full 0):
 garbage-first heap   total 163840K, used 101622K [0x0000000760e00000, 0x0000000800000000)
  region size 2048K, 48 young (98304K), 1 survivors (2048K)
 Metaspace       used 16234K, committed 16512K, reserved 1114112K
  class space    used 1851K, committed 1984K, reserved 1048576K
}
Event: 6.542 GC heap after
{Heap after GC invocations=3 (full 0):
 garbage-first heap   total 163840K, used 15123K [0x0000000760e00000, 0x0000000800000000)
  region size 2048K, 6 young (12288K), 6 survivors (12288K)
 Metaspace       used 16234K, committed 16512K, reserved 1114112K
  class space    used 1851K, committed 1984K, reserved 1048576K
}
Event: 9.426 GC heap before
{Heap before GC invocations=3 (full 0):
 garbage-first heap   total 163840K, used 131859K [0x0000000760e00000, 0x0000000800000000)
  region size 2048K, 48 young (98304K), 6 survivors (12288K)
 Metaspace       used 20246K, committed 20544K, reserved 1114112K
  class space    used 2255K, committed 2368K, reserved 1048576K
}
Event: 9.465 GC heap after
{Heap after GC invocations=4 (full 0):
 garbage-first heap   total 163840K, used 18146K [0x0000000760e00000, 0x0000000800000000)
  region size 2048K, 2 young (4096K), 2 survivors (4096K)
 Metaspace       used 20246K, committed 20544K, reserved 1114112K
  class space    used 2255K, committed 2368K, reserved 1048576K
}
Event: 11.052 GC heap before
{Heap before GC invocations=4 (full 0):
 garbage-first heap   total 163840K, used 42722K [0x0000000760e00000, 0x0000000800000000)
  region size 2048K, 11 young (22528K), 2 survivors (4096K)
 Metaspace       used 21189K, committed 21504K, reserved 1114112K
  class space    used 2369K, committed 2560K, reserved 1048576K
}
Event: 11.060 GC heap after
{Heap after GC invocations=5 (full 0):
 garbage-first heap   total 163840K, used 30434K [0x0000000760e00000, 0x0000000800000000)
  region size 2048K, 4 young (8192K), 4 survivors (8192K)
 Metaspace       used 21189K, committed 21504K, reserved 1114112K
  class space    used 2369K, committed 2560K, reserved 1048576K
}
Event: 13.831 GC heap before
{Heap before GC invocations=6 (full 0):
 garbage-first heap   total 110592K, used 110306K [0x0000000760e00000, 0x0000000800000000)
  region size 2048K, 43 young (88064K), 4 survivors (8192K)
 Metaspace       used 27609K, committed 27968K, reserved 1114112K
  class space    used 3073K, committed 3264K, reserved 1048576K
}
Event: 14.079 GC heap after
{Heap after GC invocations=7 (full 0):
 garbage-first heap   total 141312K, used 48474K [0x0000000760e00000, 0x0000000800000000)
  region size 2048K, 6 young (12288K), 6 survivors (12288K)
 Metaspace       used 27609K, committed 27968K, reserved 1114112K
  class space    used 3073K, committed 3264K, reserved 1048576K
}
Event: 17.702 GC heap before
{Heap before GC invocations=7 (full 0):
 garbage-first heap   total 141312K, used 111962K [0x0000000760e00000, 0x0000000800000000)
  region size 2048K, 37 young (75776K), 6 survivors (12288K)
 Metaspace       used 31179K, committed 31616K, reserved 1114112K
  class space    used 3513K, committed 3712K, reserved 1048576K
}
Event: 17.754 GC heap after
{Heap after GC invocations=8 (full 0):
 garbage-first heap   total 141312K, used 51327K [0x0000000760e00000, 0x0000000800000000)
  region size 2048K, 2 young (4096K), 2 survivors (4096K)
 Metaspace       used 31179K, committed 31616K, reserved 1114112K
  class space    used 3513K, committed 3712K, reserved 1048576K
}
Event: 24.005 GC heap before
{Heap before GC invocations=8 (full 0):
 garbage-first heap   total 141312K, used 116863K [0x0000000760e00000, 0x0000000800000000)
  region size 2048K, 33 young (67584K), 2 survivors (4096K)
 Metaspace       used 31818K, committed 32320K, reserved 1114112K
  class space    used 3563K, committed 3776K, reserved 1048576K
}
Event: 24.046 GC heap after
{Heap after GC invocations=9 (full 0):
 garbage-first heap   total 141312K, used 73728K [0x0000000760e00000, 0x0000000800000000)
  region size 2048K, 5 young (10240K), 5 survivors (10240K)
 Metaspace       used 31818K, committed 32320K, reserved 1114112K
  class space    used 3563K, committed 3776K, reserved 1048576K
}
Event: 26.669 GC heap before
{Heap before GC invocations=9 (full 0):
 garbage-first heap   total 141312K, used 114688K [0x0000000760e00000, 0x0000000800000000)
  region size 2048K, 25 young (51200K), 5 survivors (10240K)
 Metaspace       used 31982K, committed 32448K, reserved 1114112K
  class space    used 3576K, committed 3776K, reserved 1048576K
}
Event: 26.691 GC heap after
{Heap after GC invocations=10 (full 0):
 garbage-first heap   total 141312K, used 87299K [0x0000000760e00000, 0x0000000800000000)
  region size 2048K, 4 young (8192K), 4 survivors (8192K)
 Metaspace       used 31982K, committed 32448K, reserved 1114112K
  class space    used 3576K, committed 3776K, reserved 1048576K
}
Event: 28.039 GC heap before
{Heap before GC invocations=10 (full 0):
 garbage-first heap   total 141312K, used 113923K [0x0000000760e00000, 0x0000000800000000)
  region size 2048K, 18 young (36864K), 4 survivors (8192K)
 Metaspace       used 33221K, committed 33728K, reserved 1114112K
  class space    used 3726K, committed 3968K, reserved 1048576K
}
Event: 28.049 GC heap after
{Heap after GC invocations=11 (full 0):
 garbage-first heap   total 141312K, used 90316K [0x0000000760e00000, 0x0000000800000000)
  region size 2048K, 1 young (2048K), 1 survivors (2048K)
 Metaspace       used 33221K, committed 33728K, reserved 1114112K
  class space    used 3726K, committed 3968K, reserved 1048576K
}

